{"/opt/comentarismo-reco/coffee-coverage-loader.js":{"path":"/opt/comentarismo-reco/coffee-coverage-loader.js","s":{"1":1,"2":1,"3":1,"4":1},"b":{"1":[0,1],"2":[0,1],"3":[0,0],"4":[0,1]},"f":{},"fnMap":{},"statementMap":{"1":{"start":{"line":4,"column":0},"end":{"line":4,"column":48}},"2":{"start":{"line":5,"column":0},"end":{"line":5,"column":56}},"3":{"start":{"line":6,"column":0},"end":{"line":6,"column":52}},"4":{"start":{"line":8,"column":0},"end":{"line":15,"column":3}}},"branchMap":{"1":{"line":6,"type":"cond-expr","locations":[{"start":{"line":6,"column":40},"end":{"line":6,"column":44}},{"start":{"line":6,"column":47},"end":{"line":6,"column":51}}]},"2":{"line":13,"type":"cond-expr","locations":[{"start":{"line":13,"column":32},"end":{"line":13,"column":115}},{"start":{"line":13,"column":119},"end":{"line":13,"column":123}}]},"3":{"line":13,"type":"cond-expr","locations":[{"start":{"line":13,"column":77},"end":{"line":13,"column":81}},{"start":{"line":13,"column":84},"end":{"line":13,"column":115}}]},"4":{"line":14,"type":"cond-expr","locations":[{"start":{"line":14,"column":64},"end":{"line":14,"column":79}},{"start":{"line":14,"column":83},"end":{"line":14,"column":87}}]}}},"/opt/comentarismo-reco/express/app.coffee":{"path":"/opt/comentarismo-reco/express/app.coffee","s":{"1":0,"2":0,"3":0,"4":0,"5":0,"6":0,"7":0,"8":0,"9":0,"10":0,"11":0,"12":0,"13":0,"14":0,"15":0,"16":0,"17":0,"18":0,"19":0,"20":0,"21":0,"22":0,"23":0,"24":0},"b":{"1":[0,0]},"f":{"1":0},"fnMap":{"1":{"name":"(anonymous_1)","line":38,"loc":{"start":{"line":38,"column":21},"end":{"line":38,"column":22}}}},"statementMap":{"1":{"start":{"line":1,"column":0},"end":{"line":1,"column":30}},"2":{"start":{"line":3,"column":0},"end":{"line":3,"column":27}},"3":{"start":{"line":4,"column":0},"end":{"line":4,"column":14}},"4":{"start":{"line":6,"column":0},"end":{"line":6,"column":40}},"5":{"start":{"line":7,"column":0},"end":{"line":7,"column":32}},"6":{"start":{"line":8,"column":0},"end":{"line":8,"column":34}},"7":{"start":{"line":9,"column":0},"end":{"line":9,"column":25}},"8":{"start":{"line":10,"column":0},"end":{"line":10,"column":21}},"9":{"start":{"line":14,"column":0},"end":{"line":14,"column":44}},"10":{"start":{"line":17,"column":0},"end":{"line":17,"column":47}},"11":{"start":{"line":18,"column":0},"end":{"line":18,"column":44}},"12":{"start":{"line":20,"column":0},"end":{"line":38,"column":67}},"13":{"start":{"line":20,"column":3},"end":{"line":20,"column":13}},"14":{"start":{"line":22,"column":4},"end":{"line":22,"column":25}},"15":{"start":{"line":24,"column":4},"end":{"line":24,"column":50}},"16":{"start":{"line":25,"column":4},"end":{"line":25,"column":33}},"17":{"start":{"line":27,"column":4},"end":{"line":27,"column":49}},"18":{"start":{"line":29,"column":4},"end":{"line":29,"column":24}},"19":{"start":{"line":30,"column":4},"end":{"line":30,"column":22}},"20":{"start":{"line":32,"column":4},"end":{"line":32,"column":41}},"21":{"start":{"line":33,"column":4},"end":{"line":33,"column":33}},"22":{"start":{"line":35,"column":4},"end":{"line":35,"column":58}},"23":{"start":{"line":38,"column":4},"end":{"line":38,"column":67}},"24":{"start":{"line":38,"column":27},"end":{"line":38,"column":66}}},"branchMap":{"1":{"line":20,"type":"if","locations":[{"start":{"line":20,"column":0},"end":{"line":20,"column":0}},{"start":{"line":20,"column":0},"end":{"line":20,"column":0}}]}}},"/opt/comentarismo-reco/server/api.coffee":{"path":"/opt/comentarismo-reco/server/api.coffee","s":{"1":1,"2":1,"3":1,"4":1,"5":1,"6":1,"7":1,"8":1,"9":1,"10":1,"11":1,"12":1,"13":1,"14":1,"15":1,"16":4,"17":4,"18":4,"19":4,"20":0,"21":0,"22":0,"23":0,"24":1,"25":1,"26":1,"27":1,"28":4,"29":4,"30":0,"31":1,"32":9,"33":9,"34":9,"35":1,"36":8,"37":8,"38":1,"39":1,"40":9,"41":9,"42":9,"43":9,"44":0,"45":1,"46":4,"47":3,"48":1,"49":1,"50":0,"51":1,"52":1,"53":1,"54":1,"55":0,"56":1,"57":3,"58":3,"59":3,"60":3,"61":3,"62":3,"63":1,"64":2,"65":0,"66":2,"67":2,"68":2,"69":1,"70":1,"71":2,"72":2,"73":2,"74":1,"75":1,"76":1,"77":1,"78":1,"79":1,"80":1,"81":1,"82":1,"83":1,"84":1,"85":1,"86":1},"b":{"1":[4,0],"2":[1,8],"3":[1,2],"4":[0,2],"5":[1,1]},"f":{"1":4,"2":1,"3":4,"4":4,"5":0,"6":9,"7":9,"8":8,"9":1,"10":9,"11":9,"12":0,"13":4,"14":3,"15":1,"16":0,"17":1,"18":1,"19":0,"20":3,"21":3,"22":2,"23":1,"24":2,"25":2,"26":1,"27":1,"28":1,"29":1},"fnMap":{"1":{"name":"Utils","line":63,"loc":{"start":{"line":63,"column":0},"end":{"line":63,"column":43}}},"2":{"name":"register","line":75,"loc":{"start":{"line":75,"column":2},"end":{"line":75,"column":37}}},"3":{"name":"handler","line":83,"loc":{"start":{"line":83,"column":6},"end":{"line":83,"column":33}}},"4":{"name":"(anonymous_1)","line":85,"loc":{"start":{"line":85,"column":15},"end":{"line":85,"column":29}}},"5":{"name":"(anonymous_2)","line":88,"loc":{"start":{"line":88,"column":15},"end":{"line":88,"column":22}}},"6":{"name":"handler","line":94,"loc":{"start":{"line":94,"column":6},"end":{"line":94,"column":33}}},"7":{"name":"(anonymous_3)","line":97,"loc":{"start":{"line":97,"column":15},"end":{"line":97,"column":25}}},"8":{"name":"(anonymous_4)","line":101,"loc":{"start":{"line":101,"column":15},"end":{"line":101,"column":16}}},"9":{"name":"(anonymous_5)","line":104,"loc":{"start":{"line":104,"column":15},"end":{"line":104,"column":22}}},"10":{"name":"handler","line":117,"loc":{"start":{"line":117,"column":6},"end":{"line":117,"column":33}}},"11":{"name":"(anonymous_6)","line":121,"loc":{"start":{"line":121,"column":15},"end":{"line":121,"column":16}}},"12":{"name":"(anonymous_7)","line":124,"loc":{"start":{"line":124,"column":15},"end":{"line":124,"column":22}}},"13":{"name":"handler","line":139,"loc":{"start":{"line":139,"column":6},"end":{"line":139,"column":33}}},"14":{"name":"(anonymous_8)","line":141,"loc":{"start":{"line":141,"column":15},"end":{"line":141,"column":24}}},"15":{"name":"(anonymous_9)","line":144,"loc":{"start":{"line":144,"column":44},"end":{"line":144,"column":51}}},"16":{"name":"(anonymous_10)","line":148,"loc":{"start":{"line":148,"column":15},"end":{"line":148,"column":22}}},"17":{"name":"handler","line":159,"loc":{"start":{"line":159,"column":6},"end":{"line":159,"column":33}}},"18":{"name":"(anonymous_11)","line":166,"loc":{"start":{"line":166,"column":15},"end":{"line":166,"column":25}}},"19":{"name":"(anonymous_12)","line":169,"loc":{"start":{"line":169,"column":15},"end":{"line":169,"column":22}}},"20":{"name":"handler","line":185,"loc":{"start":{"line":185,"column":6},"end":{"line":185,"column":33}}},"21":{"name":"(anonymous_13)","line":193,"loc":{"start":{"line":193,"column":15},"end":{"line":193,"column":25}}},"22":{"name":"(anonymous_14)","line":202,"loc":{"start":{"line":202,"column":15},"end":{"line":202,"column":34}}},"23":{"name":"(anonymous_15)","line":205,"loc":{"start":{"line":205,"column":15},"end":{"line":205,"column":22}}},"24":{"name":"handler","line":219,"loc":{"start":{"line":219,"column":6},"end":{"line":219,"column":33}}},"25":{"name":"(anonymous_16)","line":222,"loc":{"start":{"line":222,"column":15},"end":{"line":222,"column":25}}},"26":{"name":"(anonymous_17)","line":226,"loc":{"start":{"line":226,"column":15},"end":{"line":226,"column":29}}},"27":{"name":"(anonymous_18)","line":229,"loc":{"start":{"line":229,"column":16},"end":{"line":229,"column":30}}},"28":{"name":"(anonymous_19)","line":232,"loc":{"start":{"line":232,"column":16},"end":{"line":232,"column":41}}},"29":{"name":"(anonymous_20)","line":235,"loc":{"start":{"line":235,"column":15},"end":{"line":235,"column":22}}}},"statementMap":{"1":{"start":{"line":1,"column":0},"end":{"line":1,"column":22}},"2":{"start":{"line":2,"column":0},"end":{"line":2,"column":23}},"3":{"start":{"line":4,"column":0},"end":{"line":4,"column":18}},"4":{"start":{"line":5,"column":0},"end":{"line":5,"column":20}},"5":{"start":{"line":8,"column":0},"end":{"line":8,"column":22}},"6":{"start":{"line":10,"column":0},"end":{"line":10,"column":15}},"7":{"start":{"line":12,"column":0},"end":{"line":12,"column":63}},"8":{"start":{"line":14,"column":0},"end":{"line":16,"column":1}},"9":{"start":{"line":18,"column":0},"end":{"line":30,"column":1}},"10":{"start":{"line":32,"column":0},"end":{"line":38,"column":24}},"11":{"start":{"line":40,"column":0},"end":{"line":47,"column":1}},"12":{"start":{"line":49,"column":0},"end":{"line":51,"column":1}},"13":{"start":{"line":53,"column":0},"end":{"line":58,"column":1}},"14":{"start":{"line":61,"column":0},"end":{"line":61,"column":9}},"15":{"start":{"line":63,"column":0},"end":{"line":70,"column":59}},"16":{"start":{"line":64,"column":2},"end":{"line":64,"column":42}},"17":{"start":{"line":65,"column":2},"end":{"line":69,"column":61}},"18":{"start":{"line":66,"column":4},"end":{"line":66,"column":29}},"19":{"start":{"line":67,"column":4},"end":{"line":67,"column":13}},"20":{"start":{"line":69,"column":4},"end":{"line":69,"column":61}},"21":{"start":{"line":69,"column":34},"end":{"line":69,"column":40}},"22":{"start":{"line":69,"column":37},"end":{"line":69,"column":39}},"23":{"start":{"line":70,"column":4},"end":{"line":70,"column":59}},"24":{"start":{"line":74,"column":0},"end":{"line":238,"column":9}},"25":{"start":{"line":76,"column":4},"end":{"line":76,"column":22}},"26":{"start":{"line":77,"column":4},"end":{"line":77,"column":62}},"27":{"start":{"line":80,"column":4},"end":{"line":89,"column":4}},"28":{"start":{"line":84,"column":8},"end":{"line":88,"column":64}},"29":{"start":{"line":86,"column":10},"end":{"line":86,"column":40}},"30":{"start":{"line":88,"column":24},"end":{"line":88,"column":62}},"31":{"start":{"line":91,"column":4},"end":{"line":105,"column":4}},"32":{"start":{"line":95,"column":8},"end":{"line":95,"column":43}},"33":{"start":{"line":96,"column":8},"end":{"line":104,"column":64}},"34":{"start":{"line":98,"column":10},"end":{"line":98,"column":41}},"35":{"start":{"line":98,"column":10},"end":{"line":98,"column":30}},"36":{"start":{"line":99,"column":10},"end":{"line":99,"column":42}},"37":{"start":{"line":102,"column":10},"end":{"line":102,"column":38}},"38":{"start":{"line":104,"column":24},"end":{"line":104,"column":62}},"39":{"start":{"line":107,"column":4},"end":{"line":125,"column":4}},"40":{"start":{"line":118,"column":8},"end":{"line":118,"column":68}},"41":{"start":{"line":119,"column":8},"end":{"line":119,"column":44}},"42":{"start":{"line":120,"column":8},"end":{"line":124,"column":64}},"43":{"start":{"line":122,"column":10},"end":{"line":122,"column":38}},"44":{"start":{"line":124,"column":24},"end":{"line":124,"column":62}},"45":{"start":{"line":130,"column":4},"end":{"line":149,"column":4}},"46":{"start":{"line":140,"column":8},"end":{"line":148,"column":64}},"47":{"start":{"line":142,"column":10},"end":{"line":142,"column":31}},"48":{"start":{"line":145,"column":10},"end":{"line":145,"column":46}},"49":{"start":{"line":146,"column":10},"end":{"line":146,"column":81}},"50":{"start":{"line":148,"column":24},"end":{"line":148,"column":62}},"51":{"start":{"line":152,"column":4},"end":{"line":170,"column":4}},"52":{"start":{"line":160,"column":8},"end":{"line":164,"column":8}},"53":{"start":{"line":165,"column":8},"end":{"line":169,"column":64}},"54":{"start":{"line":167,"column":10},"end":{"line":167,"column":34}},"55":{"start":{"line":169,"column":24},"end":{"line":169,"column":62}},"56":{"start":{"line":176,"column":4},"end":{"line":206,"column":4}},"57":{"start":{"line":187,"column":8},"end":{"line":187,"column":38}},"58":{"start":{"line":188,"column":8},"end":{"line":188,"column":36}},"59":{"start":{"line":189,"column":8},"end":{"line":189,"column":44}},"60":{"start":{"line":190,"column":8},"end":{"line":190,"column":87}},"61":{"start":{"line":192,"column":8},"end":{"line":205,"column":63}},"62":{"start":{"line":194,"column":10},"end":{"line":194,"column":41}},"63":{"start":{"line":194,"column":10},"end":{"line":194,"column":30}},"64":{"start":{"line":195,"column":10},"end":{"line":198,"column":86}},"65":{"start":{"line":196,"column":12},"end":{"line":196,"column":84}},"66":{"start":{"line":198,"column":12},"end":{"line":198,"column":86}},"67":{"start":{"line":200,"column":10},"end":{"line":200,"column":16}},"68":{"start":{"line":203,"column":10},"end":{"line":203,"column":31}},"69":{"start":{"line":205,"column":24},"end":{"line":205,"column":62}},"70":{"start":{"line":209,"column":4},"end":{"line":236,"column":4}},"71":{"start":{"line":220,"column":8},"end":{"line":220,"column":37}},"72":{"start":{"line":221,"column":8},"end":{"line":235,"column":64}},"73":{"start":{"line":223,"column":10},"end":{"line":223,"column":41}},"74":{"start":{"line":223,"column":10},"end":{"line":223,"column":30}},"75":{"start":{"line":224,"column":10},"end":{"line":224,"column":38}},"76":{"start":{"line":227,"column":10},"end":{"line":227,"column":58}},"77":{"start":{"line":230,"column":10},"end":{"line":230,"column":63}},"78":{"start":{"line":233,"column":10},"end":{"line":233,"column":119}},"79":{"start":{"line":233,"column":79},"end":{"line":233,"column":116}},"80":{"start":{"line":233,"column":80},"end":{"line":233,"column":113}},"81":{"start":{"line":233,"column":81},"end":{"line":233,"column":106}},"82":{"start":{"line":233,"column":86},"end":{"line":233,"column":105}},"83":{"start":{"line":235,"column":24},"end":{"line":235,"column":62}},"84":{"start":{"line":238,"column":4},"end":{"line":238,"column":9}},"85":{"start":{"line":241,"column":0},"end":{"line":243,"column":17}},"86":{"start":{"line":245,"column":0},"end":{"line":245,"column":19}}},"branchMap":{"1":{"line":65,"type":"if","locations":[{"start":{"line":65,"column":2},"end":{"line":65,"column":2}},{"start":{"line":65,"column":2},"end":{"line":65,"column":2}}]},"2":{"line":98,"type":"if","locations":[{"start":{"line":98,"column":10},"end":{"line":98,"column":10}},{"start":{"line":98,"column":10},"end":{"line":98,"column":10}}]},"3":{"line":194,"type":"if","locations":[{"start":{"line":194,"column":10},"end":{"line":194,"column":10}},{"start":{"line":194,"column":10},"end":{"line":194,"column":10}}]},"4":{"line":195,"type":"if","locations":[{"start":{"line":195,"column":10},"end":{"line":195,"column":10}},{"start":{"line":195,"column":10},"end":{"line":195,"column":10}}]},"5":{"line":223,"type":"if","locations":[{"start":{"line":223,"column":10},"end":{"line":223,"column":10}},{"start":{"line":223,"column":10},"end":{"line":223,"column":10}}]}}},"/opt/comentarismo-reco/server/basic_in_memory_esm.coffee":{"path":"/opt/comentarismo-reco/server/basic_in_memory_esm.coffee","s":{"1":0,"2":0,"3":0,"4":0,"5":0,"6":0,"7":0,"8":0,"9":0,"10":0,"11":0,"12":0,"13":0,"14":0,"15":0,"16":0,"17":0,"18":0,"19":0,"20":0,"21":0,"22":0,"23":0,"24":0,"25":0,"26":0,"27":0,"28":0,"29":0,"30":0,"31":0,"32":0,"33":0,"34":0,"35":0,"36":0,"37":0,"38":0,"39":0,"40":0,"41":0,"42":0,"43":0,"44":0,"45":0,"46":0,"47":0,"48":0,"49":0,"50":0,"51":0,"52":0,"53":0,"54":0,"55":0,"56":0,"57":0,"58":0,"59":0,"60":0,"61":0,"62":0,"63":0,"64":0,"65":0,"66":0,"67":0,"68":0,"69":0,"70":0,"71":0,"72":0,"73":0,"74":0,"75":0,"76":0,"77":0,"78":0,"79":0,"80":0,"81":0,"82":0,"83":0,"84":0,"85":0,"86":0,"87":0,"88":0,"89":0,"90":0,"91":0,"92":0,"93":0,"94":0,"95":0,"96":0,"97":0,"98":0,"99":0,"100":0,"101":0,"102":0,"103":0,"104":0,"105":0,"106":0,"107":0,"108":0,"109":0,"110":0,"111":0,"112":0,"113":0,"114":0,"115":0,"116":0,"117":0,"118":0,"119":0,"120":0,"121":0,"122":0,"123":0,"124":0,"125":0,"126":0,"127":0,"128":0,"129":0,"130":0,"131":0,"132":0,"133":0,"134":0,"135":0,"136":0,"137":0,"138":0,"139":0,"140":0,"141":0,"142":0,"143":0,"144":0,"145":0,"146":0,"147":0,"148":0,"149":0,"150":0,"151":0,"152":0,"153":0,"154":0,"155":0,"156":0,"157":0,"158":0,"159":0,"160":0,"161":0,"162":0,"163":0,"164":0,"165":0,"166":0,"167":0,"168":0,"169":0,"170":0,"171":0,"172":0,"173":0,"174":0,"175":0,"176":0,"177":0,"178":0,"179":0,"180":0,"181":0,"182":0,"183":0,"184":0,"185":0,"186":0,"187":0,"188":0,"189":0,"190":0,"191":0,"192":0,"193":0,"194":0,"195":0,"196":0,"197":0,"198":0,"199":0,"200":0,"201":0,"202":0,"203":0,"204":0,"205":0,"206":0,"207":0,"208":0,"209":0,"210":0,"211":0,"212":0,"213":0,"214":0,"215":0,"216":0,"217":0,"218":0,"219":0,"220":0,"221":0,"222":0,"223":0,"224":0,"225":0,"226":0,"227":0,"228":0,"229":0,"230":0,"231":0,"232":0,"233":0,"234":0,"235":0,"236":0,"237":0,"238":0,"239":0,"240":0,"241":0,"242":0,"243":0,"244":0,"245":0,"246":0,"247":0,"248":0,"249":0,"250":0,"251":0,"252":0,"253":0,"254":0,"255":0,"256":0,"257":0,"258":0,"259":0,"260":0,"261":0,"262":0,"263":0,"264":0,"265":0,"266":0,"267":0,"268":0,"269":0,"270":0,"271":0,"272":0,"273":0,"274":0,"275":0,"276":0,"277":0,"278":0,"279":0,"280":0,"281":0,"282":0,"283":0,"284":0,"285":0,"286":0,"287":0,"288":0,"289":0,"290":0,"291":0,"292":0,"293":0,"294":0,"295":0,"296":0,"297":0,"298":0,"299":0,"300":0,"301":0,"302":0,"303":0,"304":0,"305":0,"306":0},"b":{"1":[0,0],"2":[0,0],"3":[0,0],"4":[0,0],"5":[0,0],"6":[0,0],"7":[0,0],"8":[0,0],"9":[0,0],"10":[0,0],"11":[0,0],"12":[0,0],"13":[0,0],"14":[0,0],"15":[0,0],"16":[0,0],"17":[0,0],"18":[0,0],"19":[0,0],"20":[0,0],"21":[0,0],"22":[0,0],"23":[0,0],"24":[0,0],"25":[0,0],"26":[0,0],"27":[0,0],"28":[0,0],"29":[0,0],"30":[0,0],"31":[0,0],"32":[0,0],"33":[0,0],"34":[0,0],"35":[0,0],"36":[0,0],"37":[0,0],"38":[0,0],"39":[0,0],"40":[0,0],"41":[0,0],"42":[0,0]},"f":{"1":0,"2":0,"3":0,"4":0,"5":0,"6":0,"7":0,"8":0,"9":0,"10":0,"11":0,"12":0,"13":0,"14":0,"15":0,"16":0,"17":0,"18":0,"19":0,"20":0,"21":0,"22":0,"23":0,"24":0,"25":0,"26":0,"27":0,"28":0,"29":0,"30":0,"31":0,"32":0,"33":0,"34":0,"35":0,"36":0,"37":0,"38":0,"39":0,"40":0,"41":0,"42":0,"43":0,"44":0,"45":0,"46":0,"47":0,"48":0,"49":0,"50":0,"51":0,"52":0,"53":0,"54":0,"55":0,"56":0,"57":0,"58":0,"59":0,"60":0,"61":0,"62":0,"63":0},"fnMap":{"1":{"name":"BasicInMemoryESM","line":13,"loc":{"start":{"line":13,"column":6},"end":{"line":13,"column":21}}},"2":{"name":"constructor","line":15,"loc":{"start":{"line":15,"column":2},"end":{"line":15,"column":31}}},"3":{"name":"initialize","line":17,"loc":{"start":{"line":17,"column":2},"end":{"line":17,"column":27}}},"4":{"name":"(anonymous_1)","line":21,"loc":{"start":{"line":21,"column":11},"end":{"line":21,"column":12}}},"5":{"name":"destroy","line":23,"loc":{"start":{"line":23,"column":2},"end":{"line":23,"column":24}}},"6":{"name":"(anonymous_2)","line":27,"loc":{"start":{"line":27,"column":11},"end":{"line":27,"column":12}}},"7":{"name":"exists","line":29,"loc":{"start":{"line":29,"column":2},"end":{"line":29,"column":23}}},"8":{"name":"(anonymous_3)","line":30,"loc":{"start":{"line":30,"column":11},"end":{"line":30,"column":12}}},"9":{"name":"list_namespaces","line":32,"loc":{"start":{"line":32,"column":2},"end":{"line":32,"column":20}}},"10":{"name":"(anonymous_4)","line":33,"loc":{"start":{"line":33,"column":11},"end":{"line":33,"column":12}}},"11":{"name":"thing_neighbourhood","line":38,"loc":{"start":{"line":38,"column":2},"end":{"line":38,"column":66}}},"12":{"name":"(anonymous_5)","line":39,"loc":{"start":{"line":39,"column":18},"end":{"line":39,"column":19}}},"13":{"name":"(anonymous_6)","line":52,"loc":{"start":{"line":52,"column":46},"end":{"line":52,"column":51}}},"14":{"name":"(anonymous_7)","line":53,"loc":{"start":{"line":53,"column":25},"end":{"line":53,"column":30}}},"15":{"name":"(anonymous_8)","line":54,"loc":{"start":{"line":54,"column":48},"end":{"line":54,"column":53}}},"16":{"name":"(anonymous_9)","line":55,"loc":{"start":{"line":55,"column":11},"end":{"line":55,"column":12}}},"17":{"name":"person_neighbourhood","line":57,"loc":{"start":{"line":57,"column":2},"end":{"line":57,"column":68}}},"18":{"name":"(anonymous_10)","line":58,"loc":{"start":{"line":58,"column":18},"end":{"line":58,"column":19}}},"19":{"name":"(anonymous_11)","line":72,"loc":{"start":{"line":72,"column":44},"end":{"line":72,"column":49}}},"20":{"name":"(anonymous_12)","line":75,"loc":{"start":{"line":75,"column":11},"end":{"line":75,"column":12}}},"21":{"name":"_one_degree_away","line":79,"loc":{"start":{"line":79,"column":2},"end":{"line":79,"column":67}}},"22":{"name":"_cosine_distance","line":114,"loc":{"start":{"line":114,"column":2},"end":{"line":114,"column":98}}},"23":{"name":"_similarities","line":154,"loc":{"start":{"line":154,"column":2},"end":{"line":154,"column":84}}},"24":{"name":"(anonymous_13)","line":155,"loc":{"start":{"line":155,"column":18},"end":{"line":155,"column":19}}},"25":{"name":"(anonymous_14)","line":168,"loc":{"start":{"line":168,"column":18},"end":{"line":168,"column":19}}},"26":{"name":"calculate_similarities_from_person","line":170,"loc":{"start":{"line":170,"column":2},"end":{"line":170,"column":88}}},"27":{"name":"calculate_similarities_from_thing","line":173,"loc":{"start":{"line":173,"column":2},"end":{"line":173,"column":87}}},"28":{"name":"_recent_events","line":178,"loc":{"start":{"line":178,"column":2},"end":{"line":178,"column":71}}},"29":{"name":"(anonymous_15)","line":179,"loc":{"start":{"line":179,"column":18},"end":{"line":179,"column":19}}},"30":{"name":"(anonymous_16)","line":222,"loc":{"start":{"line":222,"column":46},"end":{"line":222,"column":51}}},"31":{"name":"(anonymous_17)","line":223,"loc":{"start":{"line":223,"column":11},"end":{"line":223,"column":12}}},"32":{"name":"recent_recommendations_by_people","line":225,"loc":{"start":{"line":225,"column":2},"end":{"line":225,"column":75}}},"33":{"name":"_filter_things_by_previous_action","line":228,"loc":{"start":{"line":228,"column":2},"end":{"line":228,"column":74}}},"34":{"name":"(anonymous_18)","line":229,"loc":{"start":{"line":229,"column":18},"end":{"line":229,"column":23}}},"35":{"name":"filter_things_by_previous_actions","line":231,"loc":{"start":{"line":231,"column":2},"end":{"line":231,"column":75}}},"36":{"name":"(anonymous_19)","line":232,"loc":{"start":{"line":232,"column":18},"end":{"line":232,"column":19}}},"37":{"name":"(anonymous_20)","line":236,"loc":{"start":{"line":236,"column":18},"end":{"line":236,"column":19}}},"38":{"name":"add_events","line":238,"loc":{"start":{"line":238,"column":2},"end":{"line":238,"column":24}}},"39":{"name":"add_event","line":244,"loc":{"start":{"line":244,"column":2},"end":{"line":244,"column":61}}},"40":{"name":"(anonymous_21)","line":246,"loc":{"start":{"line":246,"column":21},"end":{"line":246,"column":22}}},"41":{"name":"(anonymous_22)","line":267,"loc":{"start":{"line":267,"column":11},"end":{"line":267,"column":12}}},"42":{"name":"count_events","line":269,"loc":{"start":{"line":269,"column":2},"end":{"line":269,"column":29}}},"43":{"name":"(anonymous_23)","line":270,"loc":{"start":{"line":270,"column":18},"end":{"line":270,"column":19}}},"44":{"name":"estimate_event_count","line":272,"loc":{"start":{"line":272,"column":2},"end":{"line":272,"column":37}}},"45":{"name":"(anonymous_24)","line":273,"loc":{"start":{"line":273,"column":18},"end":{"line":273,"column":19}}},"46":{"name":"_find_event","line":275,"loc":{"start":{"line":275,"column":2},"end":{"line":275,"column":51}}},"47":{"name":"_filter_event","line":281,"loc":{"start":{"line":281,"column":2},"end":{"line":281,"column":31}}},"48":{"name":"_find_events","line":312,"loc":{"start":{"line":312,"column":2},"end":{"line":312,"column":43}}},"49":{"name":"(anonymous_25)","line":344,"loc":{"start":{"line":344,"column":30},"end":{"line":344,"column":35}}},"50":{"name":"find_events","line":349,"loc":{"start":{"line":349,"column":2},"end":{"line":349,"column":42}}},"51":{"name":"(anonymous_26)","line":350,"loc":{"start":{"line":350,"column":18},"end":{"line":350,"column":19}}},"52":{"name":"pre_compact","line":353,"loc":{"start":{"line":353,"column":2},"end":{"line":353,"column":16}}},"53":{"name":"(anonymous_27)","line":354,"loc":{"start":{"line":354,"column":11},"end":{"line":354,"column":12}}},"54":{"name":"_delete_events","line":356,"loc":{"start":{"line":356,"column":2},"end":{"line":356,"column":39}}},"55":{"name":"(anonymous_28)","line":357,"loc":{"start":{"line":357,"column":59},"end":{"line":357,"column":64}}},"56":{"name":"delete_events","line":362,"loc":{"start":{"line":362,"column":2},"end":{"line":362,"column":44}}},"57":{"name":"(anonymous_29)","line":365,"loc":{"start":{"line":365,"column":11},"end":{"line":365,"column":12}}},"58":{"name":"compact_people","line":368,"loc":{"start":{"line":368,"column":2},"end":{"line":368,"column":47}}},"59":{"name":"(anonymous_30)","line":378,"loc":{"start":{"line":378,"column":11},"end":{"line":378,"column":12}}},"60":{"name":"compact_things","line":381,"loc":{"start":{"line":381,"column":2},"end":{"line":381,"column":47}}},"61":{"name":"(anonymous_31)","line":391,"loc":{"start":{"line":391,"column":11},"end":{"line":391,"column":12}}},"62":{"name":"post_compact","line":393,"loc":{"start":{"line":393,"column":2},"end":{"line":393,"column":17}}},"63":{"name":"(anonymous_32)","line":394,"loc":{"start":{"line":394,"column":11},"end":{"line":394,"column":12}}}},"statementMap":{"1":{"start":{"line":1,"column":0},"end":{"line":1,"column":22}},"2":{"start":{"line":2,"column":0},"end":{"line":2,"column":19}},"3":{"start":{"line":4,"column":0},"end":{"line":4,"column":24}},"4":{"start":{"line":6,"column":0},"end":{"line":6,"column":15}},"5":{"start":{"line":7,"column":0},"end":{"line":7,"column":23}},"6":{"start":{"line":8,"column":0},"end":{"line":8,"column":22}},"7":{"start":{"line":10,"column":0},"end":{"line":10,"column":26}},"8":{"start":{"line":13,"column":0},"end":{"line":394,"column":18}},"9":{"start":{"line":18,"column":4},"end":{"line":18,"column":32}},"10":{"start":{"line":19,"column":4},"end":{"line":19,"column":40}},"11":{"start":{"line":20,"column":4},"end":{"line":20,"column":39}},"12":{"start":{"line":21,"column":4},"end":{"line":21,"column":14}},"13":{"start":{"line":24,"column":4},"end":{"line":24,"column":32}},"14":{"start":{"line":25,"column":4},"end":{"line":25,"column":40}},"15":{"start":{"line":26,"column":4},"end":{"line":26,"column":39}},"16":{"start":{"line":27,"column":4},"end":{"line":27,"column":14}},"17":{"start":{"line":30,"column":4},"end":{"line":30,"column":38}},"18":{"start":{"line":30,"column":14},"end":{"line":30,"column":37}},"19":{"start":{"line":33,"column":4},"end":{"line":33,"column":38}},"20":{"start":{"line":33,"column":14},"end":{"line":33,"column":37}},"21":{"start":{"line":39,"column":4},"end":{"line":39,"column":58}},"22":{"start":{"line":39,"column":4},"end":{"line":39,"column":23}},"23":{"start":{"line":39,"column":21},"end":{"line":39,"column":22}},"24":{"start":{"line":41,"column":4},"end":{"line":46,"column":4}},"25":{"start":{"line":47,"column":4},"end":{"line":47,"column":28}},"26":{"start":{"line":48,"column":4},"end":{"line":48,"column":110}},"27":{"start":{"line":50,"column":4},"end":{"line":50,"column":93}},"28":{"start":{"line":52,"column":4},"end":{"line":52,"column":154}},"29":{"start":{"line":52,"column":53},"end":{"line":52,"column":153}},"30":{"start":{"line":53,"column":4},"end":{"line":53,"column":76}},"31":{"start":{"line":53,"column":32},"end":{"line":53,"column":58}},"32":{"start":{"line":53,"column":61},"end":{"line":53,"column":75}},"33":{"start":{"line":54,"column":4},"end":{"line":54,"column":74}},"34":{"start":{"line":54,"column":55},"end":{"line":54,"column":73}},"35":{"start":{"line":54,"column":56},"end":{"line":54,"column":72}},"36":{"start":{"line":55,"column":4},"end":{"line":55,"column":60}},"37":{"start":{"line":55,"column":14},"end":{"line":55,"column":28}},"38":{"start":{"line":58,"column":4},"end":{"line":58,"column":58}},"39":{"start":{"line":58,"column":4},"end":{"line":58,"column":23}},"40":{"start":{"line":58,"column":21},"end":{"line":58,"column":22}},"41":{"start":{"line":60,"column":4},"end":{"line":65,"column":4}},"42":{"start":{"line":66,"column":4},"end":{"line":66,"column":28}},"43":{"start":{"line":67,"column":4},"end":{"line":67,"column":110}},"44":{"start":{"line":69,"column":4},"end":{"line":69,"column":94}},"45":{"start":{"line":71,"column":4},"end":{"line":71,"column":32}},"46":{"start":{"line":72,"column":4},"end":{"line":72,"column":59}},"47":{"start":{"line":72,"column":51},"end":{"line":72,"column":51}},"48":{"start":{"line":73,"column":4},"end":{"line":73,"column":102}},"49":{"start":{"line":73,"column":24},"end":{"line":73,"column":101}},"50":{"start":{"line":73,"column":24},"end":{"line":73,"column":24}},"51":{"start":{"line":75,"column":4},"end":{"line":75,"column":69}},"52":{"start":{"line":75,"column":14},"end":{"line":75,"column":68}},"53":{"start":{"line":80,"column":4},"end":{"line":84,"column":4}},"54":{"start":{"line":86,"column":4},"end":{"line":86,"column":39}},"55":{"start":{"line":87,"column":4},"end":{"line":87,"column":33}},"56":{"start":{"line":89,"column":4},"end":{"line":89,"column":11}},"57":{"start":{"line":90,"column":4},"end":{"line":106,"column":122}},"58":{"start":{"line":92,"column":6},"end":{"line":92,"column":41}},"59":{"start":{"line":93,"column":6},"end":{"line":93,"column":40}},"60":{"start":{"line":94,"column":6},"end":{"line":106,"column":122}},"61":{"start":{"line":96,"column":8},"end":{"line":104,"column":50}},"62":{"start":{"line":97,"column":10},"end":{"line":102,"column":10}},"63":{"start":{"line":98,"column":12},"end":{"line":98,"column":22}},"64":{"start":{"line":98,"column":15},"end":{"line":98,"column":21}},"65":{"start":{"line":99,"column":12},"end":{"line":99,"column":22}},"66":{"start":{"line":99,"column":15},"end":{"line":99,"column":21}},"67":{"start":{"line":104,"column":10},"end":{"line":104,"column":50}},"68":{"start":{"line":105,"column":10},"end":{"line":105,"column":124}},"69":{"start":{"line":106,"column":10},"end":{"line":106,"column":122}},"70":{"start":{"line":108,"column":4},"end":{"line":108,"column":16}},"71":{"start":{"line":116,"column":4},"end":{"line":116,"column":36}},"72":{"start":{"line":117,"column":4},"end":{"line":117,"column":36}},"73":{"start":{"line":118,"column":4},"end":{"line":118,"column":24}},"74":{"start":{"line":119,"column":4},"end":{"line":119,"column":24}},"75":{"start":{"line":120,"column":4},"end":{"line":120,"column":41}},"76":{"start":{"line":121,"column":4},"end":{"line":121,"column":41}},"77":{"start":{"line":123,"column":4},"end":{"line":123,"column":17}},"78":{"start":{"line":124,"column":4},"end":{"line":128,"column":37}},"79":{"start":{"line":125,"column":6},"end":{"line":125,"column":31}},"80":{"start":{"line":126,"column":6},"end":{"line":126,"column":80}},"81":{"start":{"line":127,"column":6},"end":{"line":127,"column":57}},"82":{"start":{"line":128,"column":6},"end":{"line":128,"column":37}},"83":{"start":{"line":130,"column":4},"end":{"line":130,"column":17}},"84":{"start":{"line":131,"column":4},"end":{"line":135,"column":37}},"85":{"start":{"line":132,"column":6},"end":{"line":132,"column":31}},"86":{"start":{"line":133,"column":6},"end":{"line":133,"column":80}},"87":{"start":{"line":134,"column":6},"end":{"line":134,"column":57}},"88":{"start":{"line":135,"column":6},"end":{"line":135,"column":37}},"89":{"start":{"line":137,"column":4},"end":{"line":137,"column":16}},"90":{"start":{"line":138,"column":4},"end":{"line":140,"column":45}},"91":{"start":{"line":139,"column":6},"end":{"line":140,"column":45}},"92":{"start":{"line":140,"column":8},"end":{"line":140,"column":45}},"93":{"start":{"line":142,"column":4},"end":{"line":142,"column":20}},"94":{"start":{"line":143,"column":4},"end":{"line":144,"column":40}},"95":{"start":{"line":144,"column":6},"end":{"line":144,"column":40}},"96":{"start":{"line":146,"column":4},"end":{"line":146,"column":20}},"97":{"start":{"line":147,"column":4},"end":{"line":148,"column":40}},"98":{"start":{"line":148,"column":6},"end":{"line":148,"column":40}},"99":{"start":{"line":150,"column":4},"end":{"line":150,"column":85}},"100":{"start":{"line":150,"column":36},"end":{"line":150,"column":84}},"101":{"start":{"line":152,"column":4},"end":{"line":152,"column":28}},"102":{"start":{"line":155,"column":4},"end":{"line":155,"column":45}},"103":{"start":{"line":155,"column":4},"end":{"line":155,"column":23}},"104":{"start":{"line":155,"column":21},"end":{"line":155,"column":22}},"105":{"start":{"line":157,"column":4},"end":{"line":161,"column":4}},"106":{"start":{"line":163,"column":4},"end":{"line":163,"column":20}},"107":{"start":{"line":164,"column":4},"end":{"line":166,"column":43}},"108":{"start":{"line":165,"column":6},"end":{"line":165,"column":173}},"109":{"start":{"line":166,"column":6},"end":{"line":166,"column":43}},"110":{"start":{"line":168,"column":4},"end":{"line":168,"column":33}},"111":{"start":{"line":168,"column":21},"end":{"line":168,"column":32}},"112":{"start":{"line":171,"column":4},"end":{"line":171,"column":81}},"113":{"start":{"line":174,"column":4},"end":{"line":174,"column":81}},"114":{"start":{"line":179,"column":4},"end":{"line":179,"column":68}},"115":{"start":{"line":179,"column":4},"end":{"line":179,"column":23}},"116":{"start":{"line":179,"column":21},"end":{"line":179,"column":22}},"117":{"start":{"line":181,"column":4},"end":{"line":185,"column":4}},"118":{"start":{"line":186,"column":4},"end":{"line":186,"column":28}},"119":{"start":{"line":189,"column":4},"end":{"line":189,"column":18}},"120":{"start":{"line":190,"column":4},"end":{"line":195,"column":42}},"121":{"start":{"line":191,"column":6},"end":{"line":191,"column":36}},"122":{"start":{"line":192,"column":6},"end":{"line":192,"column":28}},"123":{"start":{"line":194,"column":6},"end":{"line":194,"column":111}},"124":{"start":{"line":195,"column":6},"end":{"line":195,"column":42}},"125":{"start":{"line":197,"column":4},"end":{"line":197,"column":29}},"126":{"start":{"line":199,"column":4},"end":{"line":215,"column":6}},"127":{"start":{"line":200,"column":6},"end":{"line":200,"column":88}},"128":{"start":{"line":200,"column":6},"end":{"line":200,"column":45}},"129":{"start":{"line":201,"column":6},"end":{"line":201,"column":114}},"130":{"start":{"line":201,"column":6},"end":{"line":201,"column":58}},"131":{"start":{"line":203,"column":6},"end":{"line":203,"column":109}},"132":{"start":{"line":204,"column":6},"end":{"line":204,"column":92}},"133":{"start":{"line":206,"column":6},"end":{"line":206,"column":107}},"134":{"start":{"line":207,"column":6},"end":{"line":207,"column":90}},"135":{"start":{"line":210,"column":6},"end":{"line":215,"column":6}},"136":{"start":{"line":217,"column":4},"end":{"line":217,"column":22}},"137":{"start":{"line":218,"column":4},"end":{"line":220,"column":51}},"138":{"start":{"line":219,"column":6},"end":{"line":220,"column":51}},"139":{"start":{"line":220,"column":8},"end":{"line":220,"column":51}},"140":{"start":{"line":222,"column":4},"end":{"line":222,"column":85}},"141":{"start":{"line":222,"column":53},"end":{"line":222,"column":84}},"142":{"start":{"line":222,"column":54},"end":{"line":222,"column":83}},"143":{"start":{"line":223,"column":4},"end":{"line":223,"column":28}},"144":{"start":{"line":223,"column":14},"end":{"line":223,"column":27}},"145":{"start":{"line":226,"column":4},"end":{"line":226,"column":65}},"146":{"start":{"line":229,"column":4},"end":{"line":229,"column":169}},"147":{"start":{"line":229,"column":25},"end":{"line":229,"column":168}},"148":{"start":{"line":232,"column":4},"end":{"line":232,"column":84}},"149":{"start":{"line":232,"column":4},"end":{"line":232,"column":27}},"150":{"start":{"line":232,"column":21},"end":{"line":232,"column":26}},"151":{"start":{"line":233,"column":4},"end":{"line":233,"column":27}},"152":{"start":{"line":234,"column":4},"end":{"line":235,"column":125}},"153":{"start":{"line":235,"column":6},"end":{"line":235,"column":125}},"154":{"start":{"line":236,"column":4},"end":{"line":236,"column":36}},"155":{"start":{"line":236,"column":21},"end":{"line":236,"column":35}},"156":{"start":{"line":239,"column":4},"end":{"line":239,"column":16}},"157":{"start":{"line":240,"column":4},"end":{"line":241,"column":125}},"158":{"start":{"line":241,"column":6},"end":{"line":241,"column":125}},"159":{"start":{"line":242,"column":4},"end":{"line":242,"column":19}},"160":{"start":{"line":245,"column":4},"end":{"line":246,"column":65}},"161":{"start":{"line":246,"column":6},"end":{"line":246,"column":65}},"162":{"start":{"line":246,"column":24},"end":{"line":246,"column":64}},"163":{"start":{"line":248,"column":4},"end":{"line":248,"column":60}},"164":{"start":{"line":249,"column":4},"end":{"line":249,"column":91}},"165":{"start":{"line":249,"column":42},"end":{"line":249,"column":81}},"166":{"start":{"line":249,"column":88},"end":{"line":249,"column":91}},"167":{"start":{"line":250,"column":4},"end":{"line":250,"column":63}},"168":{"start":{"line":252,"column":4},"end":{"line":256,"column":103}},"169":{"start":{"line":253,"column":6},"end":{"line":253,"column":112}},"170":{"start":{"line":253,"column":75},"end":{"line":253,"column":84}},"171":{"start":{"line":253,"column":91},"end":{"line":253,"column":101}},"172":{"start":{"line":254,"column":6},"end":{"line":254,"column":126}},"173":{"start":{"line":254,"column":89},"end":{"line":254,"column":98}},"174":{"start":{"line":254,"column":105},"end":{"line":254,"column":115}},"175":{"start":{"line":256,"column":6},"end":{"line":256,"column":103}},"176":{"start":{"line":257,"column":6},"end":{"line":257,"column":34}},"177":{"start":{"line":259,"column":6},"end":{"line":259,"column":50}},"178":{"start":{"line":260,"column":6},"end":{"line":260,"column":58}},"179":{"start":{"line":261,"column":6},"end":{"line":261,"column":62}},"180":{"start":{"line":263,"column":6},"end":{"line":263,"column":48}},"181":{"start":{"line":264,"column":6},"end":{"line":264,"column":56}},"182":{"start":{"line":265,"column":6},"end":{"line":265,"column":61}},"183":{"start":{"line":267,"column":4},"end":{"line":267,"column":18}},"184":{"start":{"line":267,"column":14},"end":{"line":267,"column":17}},"185":{"start":{"line":270,"column":4},"end":{"line":270,"column":51}},"186":{"start":{"line":270,"column":22},"end":{"line":270,"column":32}},"187":{"start":{"line":273,"column":4},"end":{"line":273,"column":50}},"188":{"start":{"line":273,"column":21},"end":{"line":273,"column":31}},"189":{"start":{"line":276,"column":4},"end":{"line":276,"column":60}},"190":{"start":{"line":276,"column":4},"end":{"line":276,"column":14}},"191":{"start":{"line":277,"column":4},"end":{"line":277,"column":68}},"192":{"start":{"line":277,"column":4},"end":{"line":277,"column":14}},"193":{"start":{"line":278,"column":4},"end":{"line":278,"column":75}},"194":{"start":{"line":278,"column":4},"end":{"line":278,"column":14}},"195":{"start":{"line":279,"column":4},"end":{"line":279,"column":63}},"196":{"start":{"line":282,"column":4},"end":{"line":282,"column":21}},"197":{"start":{"line":282,"column":4},"end":{"line":282,"column":15}},"198":{"start":{"line":284,"column":4},"end":{"line":284,"column":13}},"199":{"start":{"line":285,"column":4},"end":{"line":286,"column":16}},"200":{"start":{"line":286,"column":6},"end":{"line":286,"column":16}},"201":{"start":{"line":288,"column":4},"end":{"line":289,"column":16}},"202":{"start":{"line":288,"column":33},"end":{"line":288,"column":101}},"203":{"start":{"line":289,"column":6},"end":{"line":289,"column":16}},"204":{"start":{"line":291,"column":4},"end":{"line":292,"column":60}},"205":{"start":{"line":292,"column":6},"end":{"line":292,"column":60}},"206":{"start":{"line":292,"column":6},"end":{"line":292,"column":16}},"207":{"start":{"line":294,"column":4},"end":{"line":295,"column":46}},"208":{"start":{"line":295,"column":6},"end":{"line":295,"column":46}},"209":{"start":{"line":295,"column":6},"end":{"line":295,"column":16}},"210":{"start":{"line":298,"column":4},"end":{"line":299,"column":61}},"211":{"start":{"line":299,"column":6},"end":{"line":299,"column":61}},"212":{"start":{"line":299,"column":6},"end":{"line":299,"column":16}},"213":{"start":{"line":301,"column":4},"end":{"line":302,"column":46}},"214":{"start":{"line":302,"column":6},"end":{"line":302,"column":46}},"215":{"start":{"line":302,"column":6},"end":{"line":302,"column":16}},"216":{"start":{"line":304,"column":4},"end":{"line":305,"column":59}},"217":{"start":{"line":305,"column":6},"end":{"line":305,"column":59}},"218":{"start":{"line":305,"column":6},"end":{"line":305,"column":16}},"219":{"start":{"line":307,"column":4},"end":{"line":308,"column":44}},"220":{"start":{"line":308,"column":6},"end":{"line":308,"column":44}},"221":{"start":{"line":308,"column":6},"end":{"line":308,"column":16}},"222":{"start":{"line":310,"column":4},"end":{"line":310,"column":6}},"223":{"start":{"line":313,"column":4},"end":{"line":317,"column":4}},"224":{"start":{"line":319,"column":4},"end":{"line":319,"column":152}},"225":{"start":{"line":319,"column":4},"end":{"line":319,"column":110}},"226":{"start":{"line":322,"column":4},"end":{"line":322,"column":14}},"227":{"start":{"line":324,"column":4},"end":{"line":340,"column":49}},"228":{"start":{"line":325,"column":6},"end":{"line":325,"column":89}},"229":{"start":{"line":326,"column":6},"end":{"line":326,"column":17}},"230":{"start":{"line":327,"column":9},"end":{"line":340,"column":49}},"231":{"start":{"line":328,"column":6},"end":{"line":328,"column":94}},"232":{"start":{"line":328,"column":16},"end":{"line":328,"column":93}},"233":{"start":{"line":328,"column":16},"end":{"line":328,"column":16}},"234":{"start":{"line":329,"column":9},"end":{"line":340,"column":49}},"235":{"start":{"line":330,"column":6},"end":{"line":330,"column":92}},"236":{"start":{"line":330,"column":16},"end":{"line":330,"column":91}},"237":{"start":{"line":330,"column":16},"end":{"line":330,"column":16}},"238":{"start":{"line":331,"column":9},"end":{"line":340,"column":49}},"239":{"start":{"line":332,"column":6},"end":{"line":332,"column":95}},"240":{"start":{"line":332,"column":16},"end":{"line":332,"column":94}},"241":{"start":{"line":332,"column":16},"end":{"line":332,"column":31}},"242":{"start":{"line":332,"column":16},"end":{"line":332,"column":16}},"243":{"start":{"line":333,"column":9},"end":{"line":340,"column":49}},"244":{"start":{"line":334,"column":6},"end":{"line":334,"column":93}},"245":{"start":{"line":334,"column":16},"end":{"line":334,"column":92}},"246":{"start":{"line":334,"column":16},"end":{"line":334,"column":31}},"247":{"start":{"line":334,"column":16},"end":{"line":334,"column":16}},"248":{"start":{"line":335,"column":9},"end":{"line":340,"column":49}},"249":{"start":{"line":336,"column":6},"end":{"line":336,"column":112}},"250":{"start":{"line":336,"column":16},"end":{"line":336,"column":111}},"251":{"start":{"line":336,"column":16},"end":{"line":336,"column":84}},"252":{"start":{"line":336,"column":16},"end":{"line":336,"column":31}},"253":{"start":{"line":336,"column":16},"end":{"line":336,"column":16}},"254":{"start":{"line":337,"column":9},"end":{"line":340,"column":49}},"255":{"start":{"line":338,"column":6},"end":{"line":338,"column":111}},"256":{"start":{"line":338,"column":16},"end":{"line":338,"column":110}},"257":{"start":{"line":338,"column":16},"end":{"line":338,"column":83}},"258":{"start":{"line":338,"column":16},"end":{"line":338,"column":31}},"259":{"start":{"line":338,"column":16},"end":{"line":338,"column":16}},"260":{"start":{"line":340,"column":6},"end":{"line":340,"column":49}},"261":{"start":{"line":340,"column":16},"end":{"line":340,"column":48}},"262":{"start":{"line":340,"column":16},"end":{"line":340,"column":16}},"263":{"start":{"line":342,"column":4},"end":{"line":342,"column":35}},"264":{"start":{"line":343,"column":4},"end":{"line":343,"column":63}},"265":{"start":{"line":343,"column":14},"end":{"line":343,"column":62}},"266":{"start":{"line":343,"column":14},"end":{"line":343,"column":14}},"267":{"start":{"line":344,"column":4},"end":{"line":344,"column":63}},"268":{"start":{"line":344,"column":37},"end":{"line":344,"column":62}},"269":{"start":{"line":344,"column":38},"end":{"line":344,"column":61}},"270":{"start":{"line":346,"column":4},"end":{"line":346,"column":79}},"271":{"start":{"line":346,"column":64},"end":{"line":346,"column":77}},"272":{"start":{"line":347,"column":4},"end":{"line":347,"column":16}},"273":{"start":{"line":350,"column":4},"end":{"line":350,"column":54}},"274":{"start":{"line":350,"column":21},"end":{"line":350,"column":53}},"275":{"start":{"line":354,"column":4},"end":{"line":354,"column":18}},"276":{"start":{"line":354,"column":14},"end":{"line":354,"column":17}},"277":{"start":{"line":357,"column":4},"end":{"line":357,"column":81}},"278":{"start":{"line":357,"column":66},"end":{"line":357,"column":80}},"279":{"start":{"line":358,"column":4},"end":{"line":360,"column":70}},"280":{"start":{"line":359,"column":6},"end":{"line":359,"column":71}},"281":{"start":{"line":360,"column":6},"end":{"line":360,"column":70}},"282":{"start":{"line":363,"column":4},"end":{"line":363,"column":106}},"283":{"start":{"line":364,"column":4},"end":{"line":364,"column":37}},"284":{"start":{"line":365,"column":4},"end":{"line":365,"column":38}},"285":{"start":{"line":365,"column":14},"end":{"line":365,"column":37}},"286":{"start":{"line":370,"column":4},"end":{"line":370,"column":27}},"287":{"start":{"line":371,"column":4},"end":{"line":375,"column":75}},"288":{"start":{"line":372,"column":6},"end":{"line":375,"column":75}},"289":{"start":{"line":373,"column":8},"end":{"line":373,"column":72}},"290":{"start":{"line":374,"column":8},"end":{"line":375,"column":75}},"291":{"start":{"line":375,"column":10},"end":{"line":375,"column":75}},"292":{"start":{"line":377,"column":4},"end":{"line":377,"column":50}},"293":{"start":{"line":378,"column":4},"end":{"line":378,"column":18}},"294":{"start":{"line":378,"column":14},"end":{"line":378,"column":17}},"295":{"start":{"line":382,"column":4},"end":{"line":382,"column":27}},"296":{"start":{"line":383,"column":4},"end":{"line":388,"column":75}},"297":{"start":{"line":384,"column":6},"end":{"line":388,"column":75}},"298":{"start":{"line":385,"column":8},"end":{"line":385,"column":70}},"299":{"start":{"line":386,"column":8},"end":{"line":388,"column":75}},"300":{"start":{"line":388,"column":10},"end":{"line":388,"column":75}},"301":{"start":{"line":390,"column":4},"end":{"line":390,"column":50}},"302":{"start":{"line":391,"column":4},"end":{"line":391,"column":18}},"303":{"start":{"line":391,"column":14},"end":{"line":391,"column":17}},"304":{"start":{"line":394,"column":4},"end":{"line":394,"column":18}},"305":{"start":{"line":394,"column":14},"end":{"line":394,"column":17}},"306":{"start":{"line":397,"column":0},"end":{"line":397,"column":32}}},"branchMap":{"1":{"line":39,"type":"if","locations":[{"start":{"line":39,"column":4},"end":{"line":39,"column":4}},{"start":{"line":39,"column":4},"end":{"line":39,"column":4}}]},"2":{"line":58,"type":"if","locations":[{"start":{"line":58,"column":4},"end":{"line":58,"column":4}},{"start":{"line":58,"column":4},"end":{"line":58,"column":4}}]},"3":{"line":96,"type":"if","locations":[{"start":{"line":96,"column":8},"end":{"line":96,"column":8}},{"start":{"line":96,"column":8},"end":{"line":96,"column":8}}]},"4":{"line":139,"type":"if","locations":[{"start":{"line":139,"column":6},"end":{"line":139,"column":6}},{"start":{"line":139,"column":6},"end":{"line":139,"column":6}}]},"5":{"line":155,"type":"if","locations":[{"start":{"line":155,"column":4},"end":{"line":155,"column":4}},{"start":{"line":155,"column":4},"end":{"line":155,"column":4}}]},"6":{"line":179,"type":"if","locations":[{"start":{"line":179,"column":4},"end":{"line":179,"column":4}},{"start":{"line":179,"column":4},"end":{"line":179,"column":4}}]},"7":{"line":200,"type":"if","locations":[{"start":{"line":200,"column":6},"end":{"line":200,"column":6}},{"start":{"line":200,"column":6},"end":{"line":200,"column":6}}]},"8":{"line":201,"type":"if","locations":[{"start":{"line":201,"column":6},"end":{"line":201,"column":6}},{"start":{"line":201,"column":6},"end":{"line":201,"column":6}}]},"9":{"line":232,"type":"if","locations":[{"start":{"line":232,"column":4},"end":{"line":232,"column":4}},{"start":{"line":232,"column":4},"end":{"line":232,"column":4}}]},"10":{"line":245,"type":"if","locations":[{"start":{"line":245,"column":4},"end":{"line":245,"column":4}},{"start":{"line":245,"column":4},"end":{"line":245,"column":4}}]},"11":{"line":249,"type":"if","locations":[{"start":{"line":249,"column":17},"end":{"line":249,"column":17}},{"start":{"line":249,"column":17},"end":{"line":249,"column":17}}]},"12":{"line":252,"type":"if","locations":[{"start":{"line":252,"column":4},"end":{"line":252,"column":4}},{"start":{"line":252,"column":4},"end":{"line":252,"column":4}}]},"13":{"line":253,"type":"if","locations":[{"start":{"line":253,"column":31},"end":{"line":253,"column":31}},{"start":{"line":253,"column":31},"end":{"line":253,"column":31}}]},"14":{"line":254,"type":"if","locations":[{"start":{"line":254,"column":31},"end":{"line":254,"column":31}},{"start":{"line":254,"column":31},"end":{"line":254,"column":31}}]},"15":{"line":276,"type":"if","locations":[{"start":{"line":276,"column":4},"end":{"line":276,"column":4}},{"start":{"line":276,"column":4},"end":{"line":276,"column":4}}]},"16":{"line":277,"type":"if","locations":[{"start":{"line":277,"column":4},"end":{"line":277,"column":4}},{"start":{"line":277,"column":4},"end":{"line":277,"column":4}}]},"17":{"line":278,"type":"if","locations":[{"start":{"line":278,"column":4},"end":{"line":278,"column":4}},{"start":{"line":278,"column":4},"end":{"line":278,"column":4}}]},"18":{"line":282,"type":"if","locations":[{"start":{"line":282,"column":4},"end":{"line":282,"column":4}},{"start":{"line":282,"column":4},"end":{"line":282,"column":4}}]},"19":{"line":285,"type":"if","locations":[{"start":{"line":285,"column":4},"end":{"line":285,"column":4}},{"start":{"line":285,"column":4},"end":{"line":285,"column":4}}]},"20":{"line":288,"type":"if","locations":[{"start":{"line":288,"column":4},"end":{"line":288,"column":4}},{"start":{"line":288,"column":4},"end":{"line":288,"column":4}}]},"21":{"line":291,"type":"if","locations":[{"start":{"line":291,"column":4},"end":{"line":291,"column":4}},{"start":{"line":291,"column":4},"end":{"line":291,"column":4}}]},"22":{"line":292,"type":"if","locations":[{"start":{"line":292,"column":6},"end":{"line":292,"column":6}},{"start":{"line":292,"column":6},"end":{"line":292,"column":6}}]},"23":{"line":294,"type":"if","locations":[{"start":{"line":294,"column":4},"end":{"line":294,"column":4}},{"start":{"line":294,"column":4},"end":{"line":294,"column":4}}]},"24":{"line":295,"type":"if","locations":[{"start":{"line":295,"column":6},"end":{"line":295,"column":6}},{"start":{"line":295,"column":6},"end":{"line":295,"column":6}}]},"25":{"line":298,"type":"if","locations":[{"start":{"line":298,"column":4},"end":{"line":298,"column":4}},{"start":{"line":298,"column":4},"end":{"line":298,"column":4}}]},"26":{"line":299,"type":"if","locations":[{"start":{"line":299,"column":6},"end":{"line":299,"column":6}},{"start":{"line":299,"column":6},"end":{"line":299,"column":6}}]},"27":{"line":301,"type":"if","locations":[{"start":{"line":301,"column":4},"end":{"line":301,"column":4}},{"start":{"line":301,"column":4},"end":{"line":301,"column":4}}]},"28":{"line":302,"type":"if","locations":[{"start":{"line":302,"column":6},"end":{"line":302,"column":6}},{"start":{"line":302,"column":6},"end":{"line":302,"column":6}}]},"29":{"line":304,"type":"if","locations":[{"start":{"line":304,"column":4},"end":{"line":304,"column":4}},{"start":{"line":304,"column":4},"end":{"line":304,"column":4}}]},"30":{"line":305,"type":"if","locations":[{"start":{"line":305,"column":6},"end":{"line":305,"column":6}},{"start":{"line":305,"column":6},"end":{"line":305,"column":6}}]},"31":{"line":307,"type":"if","locations":[{"start":{"line":307,"column":4},"end":{"line":307,"column":4}},{"start":{"line":307,"column":4},"end":{"line":307,"column":4}}]},"32":{"line":308,"type":"if","locations":[{"start":{"line":308,"column":6},"end":{"line":308,"column":6}},{"start":{"line":308,"column":6},"end":{"line":308,"column":6}}]},"33":{"line":319,"type":"if","locations":[{"start":{"line":319,"column":4},"end":{"line":319,"column":4}},{"start":{"line":319,"column":4},"end":{"line":319,"column":4}}]},"34":{"line":324,"type":"if","locations":[{"start":{"line":324,"column":4},"end":{"line":324,"column":4}},{"start":{"line":324,"column":4},"end":{"line":324,"column":4}}]},"35":{"line":327,"type":"if","locations":[{"start":{"line":327,"column":9},"end":{"line":327,"column":9}},{"start":{"line":327,"column":9},"end":{"line":327,"column":9}}]},"36":{"line":329,"type":"if","locations":[{"start":{"line":329,"column":9},"end":{"line":329,"column":9}},{"start":{"line":329,"column":9},"end":{"line":329,"column":9}}]},"37":{"line":331,"type":"if","locations":[{"start":{"line":331,"column":9},"end":{"line":331,"column":9}},{"start":{"line":331,"column":9},"end":{"line":331,"column":9}}]},"38":{"line":333,"type":"if","locations":[{"start":{"line":333,"column":9},"end":{"line":333,"column":9}},{"start":{"line":333,"column":9},"end":{"line":333,"column":9}}]},"39":{"line":335,"type":"if","locations":[{"start":{"line":335,"column":9},"end":{"line":335,"column":9}},{"start":{"line":335,"column":9},"end":{"line":335,"column":9}}]},"40":{"line":337,"type":"if","locations":[{"start":{"line":337,"column":9},"end":{"line":337,"column":9}},{"start":{"line":337,"column":9},"end":{"line":337,"column":9}}]},"41":{"line":374,"type":"if","locations":[{"start":{"line":374,"column":8},"end":{"line":374,"column":8}},{"start":{"line":374,"column":8},"end":{"line":374,"column":8}}]},"42":{"line":386,"type":"if","locations":[{"start":{"line":386,"column":8},"end":{"line":386,"column":8}},{"start":{"line":386,"column":8},"end":{"line":386,"column":8}}]}}},"/opt/comentarismo-reco/server/errors.coffee":{"path":"/opt/comentarismo-reco/server/errors.coffee","s":{"1":0,"2":0,"3":0,"4":0,"5":0,"6":0,"7":0},"b":{},"f":{"1":0,"2":0},"fnMap":{"1":{"name":"NamespaceDoestNotExist","line":3,"loc":{"start":{"line":3,"column":6},"end":{"line":3,"column":27}}},"2":{"name":"constructor","line":4,"loc":{"start":{"line":4,"column":2},"end":{"line":4,"column":16}}}},"statementMap":{"1":{"start":{"line":1,"column":0},"end":{"line":1,"column":10}},"2":{"start":{"line":3,"column":0},"end":{"line":7,"column":56}},"3":{"start":{"line":5,"column":4},"end":{"line":5,"column":35}},"4":{"start":{"line":6,"column":4},"end":{"line":6,"column":40}},"5":{"start":{"line":7,"column":4},"end":{"line":7,"column":56}},"6":{"start":{"line":9,"column":0},"end":{"line":9,"column":53}},"7":{"start":{"line":11,"column":0},"end":{"line":11,"column":22}}},"branchMap":{}},"/opt/comentarismo-reco/server/index.coffee":{"path":"/opt/comentarismo-reco/server/index.coffee","s":{"1":0,"2":0,"3":0,"4":0,"5":0,"6":0},"b":{},"f":{"1":0,"2":0},"fnMap":{"1":{"name":"(anonymous_1)","line":6,"loc":{"start":{"line":6,"column":7},"end":{"line":6,"column":8}}},"2":{"name":"(anonymous_2)","line":7,"loc":{"start":{"line":7,"column":7},"end":{"line":7,"column":12}}}},"statementMap":{"1":{"start":{"line":2,"column":0},"end":{"line":2,"column":47}},"2":{"start":{"line":4,"column":0},"end":{"line":4,"column":40}},"3":{"start":{"line":5,"column":0},"end":{"line":7,"column":54}},"4":{"start":{"line":6,"column":10},"end":{"line":6,"column":23}},"5":{"start":{"line":7,"column":14},"end":{"line":7,"column":32}},"6":{"start":{"line":7,"column":35},"end":{"line":7,"column":53}}},"branchMap":{}},"/opt/comentarismo-reco/server/reco-rethinkdb.coffee":{"path":"/opt/comentarismo-reco/server/reco-rethinkdb.coffee","s":{"1":0,"2":0,"3":0,"4":0,"5":0,"6":0,"7":0,"8":0,"9":0,"10":0,"11":0,"12":0,"13":0,"14":0,"15":0,"16":0,"17":0,"18":0,"19":0,"20":0,"21":0,"22":0,"23":0,"24":0,"25":0,"26":0,"27":0,"28":0,"29":0,"30":0,"31":0,"32":0,"33":0,"34":0,"35":0,"36":0,"37":0,"38":0,"39":0,"40":0,"41":0,"42":0,"43":0,"44":0,"45":0,"46":0,"47":0,"48":0,"49":0,"50":0,"51":0,"52":0,"53":0,"54":0,"55":0,"56":0,"57":0,"58":0,"59":0,"60":0,"61":0,"62":0,"63":0,"64":0,"65":0,"66":0,"67":0,"68":0,"69":0,"70":0,"71":0,"72":0,"73":0,"74":0,"75":0,"76":0,"77":0,"78":0,"79":0,"80":0,"81":0,"82":0,"83":0,"84":0,"85":0,"86":0,"87":0,"88":0,"89":0,"90":0,"91":0,"92":0,"93":0,"94":0,"95":0,"96":0,"97":0,"98":0,"99":0,"100":0,"101":0,"102":0,"103":0,"104":0,"105":0,"106":0,"107":0,"108":0,"109":0,"110":0,"111":0,"112":0,"113":0,"114":0,"115":0,"116":0,"117":0,"118":0,"119":0,"120":0,"121":0,"122":0,"123":0,"124":0,"125":0,"126":0,"127":0,"128":0,"129":0,"130":0,"131":0,"132":0,"133":0,"134":0,"135":0,"136":0,"137":0,"138":0,"139":0,"140":0,"141":0,"142":0,"143":0,"144":0,"145":0,"146":0,"147":0,"148":0,"149":0,"150":0,"151":0,"152":0,"153":0,"154":0,"155":0,"156":0,"157":0,"158":0,"159":0,"160":0,"161":0,"162":0,"163":0,"164":0,"165":0,"166":0,"167":0,"168":0,"169":0,"170":0,"171":0,"172":0,"173":0,"174":0,"175":0,"176":0,"177":0,"178":0,"179":0,"180":0,"181":0,"182":0,"183":0,"184":0,"185":0,"186":0,"187":0,"188":0,"189":0,"190":0,"191":0,"192":0,"193":0,"194":0,"195":0,"196":0,"197":0,"198":0,"199":0,"200":0,"201":0,"202":0,"203":0,"204":0,"205":0,"206":0,"207":0,"208":0,"209":0,"210":0,"211":0,"212":0,"213":0,"214":0,"215":0,"216":0,"217":0,"218":0,"219":0,"220":0,"221":0,"222":0,"223":0,"224":0,"225":0,"226":0,"227":0,"228":0,"229":0,"230":0,"231":0,"232":0,"233":0,"234":0,"235":0,"236":0,"237":0,"238":0,"239":0,"240":0,"241":0,"242":0,"243":0,"244":0,"245":0,"246":0,"247":0,"248":0,"249":0,"250":0,"251":0,"252":0,"253":0,"254":0,"255":0,"256":0,"257":0,"258":0,"259":0,"260":0,"261":0,"262":0,"263":0,"264":0,"265":0,"266":0,"267":0,"268":0,"269":0,"270":0,"271":0,"272":0,"273":0,"274":0,"275":0,"276":0,"277":0,"278":0,"279":0,"280":0,"281":0,"282":0,"283":0,"284":0,"285":0,"286":0,"287":0,"288":0,"289":0,"290":0,"291":0,"292":0,"293":0,"294":0,"295":0,"296":0,"297":0,"298":0,"299":0,"300":0,"301":0,"302":0,"303":0,"304":0,"305":0,"306":0,"307":0,"308":0,"309":0,"310":0,"311":0,"312":0,"313":0,"314":0,"315":0,"316":0,"317":0,"318":0,"319":0,"320":0,"321":0,"322":0,"323":0,"324":0,"325":0,"326":0,"327":0,"328":0,"329":0,"330":0,"331":0,"332":0,"333":0,"334":0,"335":0,"336":0,"337":0,"338":0,"339":0,"340":0,"341":0,"342":0,"343":0,"344":0,"345":0,"346":0,"347":0,"348":0,"349":0,"350":0,"351":0,"352":0,"353":0,"354":0,"355":0,"356":0,"357":0,"358":0,"359":0,"360":0,"361":0,"362":0,"363":0,"364":0,"365":0,"366":0,"367":0,"368":0,"369":0,"370":0,"371":0,"372":0,"373":0,"374":0,"375":0,"376":0,"377":0,"378":0,"379":0,"380":0,"381":0,"382":0,"383":0,"384":0,"385":0,"386":0,"387":0,"388":0,"389":0,"390":0,"391":0,"392":0,"393":0,"394":0,"395":0,"396":0,"397":0,"398":0,"399":0,"400":0,"401":0,"402":0,"403":0,"404":0,"405":0,"406":0,"407":0,"408":0,"409":0,"410":0,"411":0,"412":0,"413":0,"414":0,"415":0,"416":0,"417":0,"418":0,"419":0,"420":0,"421":0,"422":0,"423":0,"424":0,"425":0,"426":0,"427":0,"428":0,"429":0,"430":0,"431":0,"432":0,"433":0,"434":0,"435":0,"436":0,"437":0,"438":0,"439":0,"440":0,"441":0,"442":0,"443":0,"444":0,"445":0,"446":0,"447":0,"448":0,"449":0,"450":0,"451":0,"452":0,"453":0,"454":0,"455":0,"456":0,"457":0,"458":0,"459":0,"460":0,"461":0,"462":0},"b":{"1":[0,0],"2":[0,0],"3":[0,0],"4":[0,0],"5":[0,0],"6":[0,0],"7":[0,0],"8":[0,0],"9":[0,0],"10":[0,0],"11":[0,0],"12":[0,0],"13":[0,0],"14":[0,0],"15":[0,0],"16":[0,0],"17":[0,0],"18":[0,0],"19":[0,0],"20":[0,0],"21":[0,0],"22":[0,0],"23":[0,0],"24":[0,0],"25":[0,0],"26":[0,0],"27":[0,0],"28":[0,0],"29":[0,0],"30":[0,0],"31":[0,0],"32":[0,0],"33":[0,0],"34":[0,0],"35":[0,0],"36":[0,0],"37":[0,0],"38":[0,0],"39":[0,0],"40":[0,0],"41":[0,0],"42":[0,0],"43":[0,0],"44":[0,0],"45":[0,0],"46":[0,0],"47":[0,0],"48":[0,0],"49":[0,0],"50":[0,0],"51":[0,0],"52":[0,0]},"f":{"1":0,"2":0,"3":0,"4":0,"5":0,"6":0,"7":0,"8":0,"9":0,"10":0,"11":0,"12":0,"13":0,"14":0,"15":0,"16":0,"17":0,"18":0,"19":0,"20":0,"21":0,"22":0,"23":0,"24":0,"25":0,"26":0,"27":0,"28":0,"29":0,"30":0,"31":0,"32":0,"33":0,"34":0,"35":0,"36":0,"37":0,"38":0,"39":0,"40":0,"41":0,"42":0,"43":0,"44":0,"45":0,"46":0,"47":0,"48":0,"49":0,"50":0,"51":0,"52":0,"53":0,"54":0,"55":0,"56":0,"57":0,"58":0,"59":0,"60":0,"61":0,"62":0,"63":0,"64":0,"65":0,"66":0,"67":0,"68":0,"69":0,"70":0,"71":0,"72":0,"73":0,"74":0,"75":0,"76":0,"77":0,"78":0,"79":0,"80":0,"81":0,"82":0,"83":0,"84":0,"85":0,"86":0,"87":0,"88":0,"89":0,"90":0,"91":0,"92":0,"93":0,"94":0,"95":0,"96":0,"97":0,"98":0,"99":0,"100":0,"101":0,"102":0,"103":0,"104":0,"105":0},"fnMap":{"1":{"name":"get_hash","line":9,"loc":{"start":{"line":9,"column":0},"end":{"line":9,"column":20}}},"2":{"name":"RethinkDBESM","line":16,"loc":{"start":{"line":16,"column":6},"end":{"line":16,"column":17}}},"3":{"name":"constructor","line":22,"loc":{"start":{"line":22,"column":2},"end":{"line":22,"column":53}}},"4":{"name":"try_create_db","line":29,"loc":{"start":{"line":29,"column":2},"end":{"line":29,"column":22}}},"5":{"name":"(anonymous_1)","line":30,"loc":{"start":{"line":30,"column":39},"end":{"line":30,"column":40}}},"6":{"name":"(anonymous_2)","line":30,"loc":{"start":{"line":30,"column":54},"end":{"line":30,"column":55}}},"7":{"name":"try_delete_db","line":32,"loc":{"start":{"line":32,"column":2},"end":{"line":32,"column":22}}},"8":{"name":"(anonymous_3)","line":33,"loc":{"start":{"line":33,"column":37},"end":{"line":33,"column":38}}},"9":{"name":"(anonymous_4)","line":33,"loc":{"start":{"line":33,"column":52},"end":{"line":33,"column":53}}},"10":{"name":"try_create_table","line":35,"loc":{"start":{"line":35,"column":2},"end":{"line":35,"column":41}}},"11":{"name":"(anonymous_5)","line":37,"loc":{"start":{"line":37,"column":20},"end":{"line":37,"column":21}}},"12":{"name":"(anonymous_6)","line":39,"loc":{"start":{"line":39,"column":47},"end":{"line":39,"column":48}}},"13":{"name":"try_delete_table","line":41,"loc":{"start":{"line":41,"column":2},"end":{"line":41,"column":41}}},"14":{"name":"(anonymous_7)","line":44,"loc":{"start":{"line":44,"column":50},"end":{"line":44,"column":58}}},"15":{"name":"(anonymous_8)","line":46,"loc":{"start":{"line":46,"column":20},"end":{"line":46,"column":21}}},"16":{"name":"try_delete_namespace","line":48,"loc":{"start":{"line":48,"column":2},"end":{"line":48,"column":49}}},"17":{"name":"(anonymous_9)","line":53,"loc":{"start":{"line":53,"column":12},"end":{"line":53,"column":20}}},"18":{"name":"(anonymous_10)","line":55,"loc":{"start":{"line":55,"column":20},"end":{"line":55,"column":21}}},"19":{"name":"destroy","line":57,"loc":{"start":{"line":57,"column":2},"end":{"line":57,"column":24}}},"20":{"name":"(anonymous_11)","line":58,"loc":{"start":{"line":58,"column":32},"end":{"line":58,"column":40}}},"21":{"name":"exists","line":65,"loc":{"start":{"line":65,"column":2},"end":{"line":65,"column":23}}},"22":{"name":"(anonymous_12)","line":66,"loc":{"start":{"line":66,"column":29},"end":{"line":66,"column":37}}},"23":{"name":"list_namespaces","line":70,"loc":{"start":{"line":70,"column":2},"end":{"line":70,"column":20}}},"24":{"name":"(anonymous_13)","line":72,"loc":{"start":{"line":72,"column":11},"end":{"line":72,"column":18}}},"25":{"name":"(anonymous_14)","line":73,"loc":{"start":{"line":73,"column":14},"end":{"line":73,"column":19}}},"26":{"name":"initialize","line":76,"loc":{"start":{"line":76,"column":2},"end":{"line":76,"column":27}}},"27":{"name":"(anonymous_15)","line":78,"loc":{"start":{"line":78,"column":32},"end":{"line":78,"column":40}}},"28":{"name":"(anonymous_16)","line":84,"loc":{"start":{"line":84,"column":13},"end":{"line":84,"column":47}}},"29":{"name":"(anonymous_17)","line":116,"loc":{"start":{"line":116,"column":29},"end":{"line":116,"column":30}}},"30":{"name":"(anonymous_18)","line":118,"loc":{"start":{"line":118,"column":11},"end":{"line":118,"column":12}}},"31":{"name":"(anonymous_19)","line":120,"loc":{"start":{"line":120,"column":12},"end":{"line":120,"column":13}}},"32":{"name":"convert_date","line":133,"loc":{"start":{"line":133,"column":2},"end":{"line":133,"column":24}}},"33":{"name":"add_events","line":148,"loc":{"start":{"line":148,"column":2},"end":{"line":148,"column":24}}},"34":{"name":"add_events_batch","line":169,"loc":{"start":{"line":169,"column":2},"end":{"line":169,"column":40}}},"35":{"name":"(anonymous_20)","line":170,"loc":{"start":{"line":170,"column":18},"end":{"line":170,"column":19}}},"36":{"name":"(anonymous_21)","line":175,"loc":{"start":{"line":175,"column":14},"end":{"line":175,"column":23}}},"37":{"name":"add_event","line":180,"loc":{"start":{"line":180,"column":2},"end":{"line":180,"column":61}}},"38":{"name":"add_event_to_db","line":185,"loc":{"start":{"line":185,"column":2},"end":{"line":185,"column":86}}},"39":{"name":"(anonymous_22)","line":192,"loc":{"start":{"line":192,"column":12},"end":{"line":192,"column":21}}},"40":{"name":"find_events","line":197,"loc":{"start":{"line":197,"column":2},"end":{"line":197,"column":42}}},"41":{"name":"(anonymous_23)","line":231,"loc":{"start":{"line":231,"column":13},"end":{"line":231,"column":18}}},"42":{"name":"delete_events","line":278,"loc":{"start":{"line":278,"column":2},"end":{"line":278,"column":43}}},"43":{"name":"count_events","line":286,"loc":{"start":{"line":286,"column":2},"end":{"line":286,"column":29}}},"44":{"name":"estimate_event_count","line":289,"loc":{"start":{"line":289,"column":2},"end":{"line":289,"column":37}}},"45":{"name":"_event_selection","line":292,"loc":{"start":{"line":292,"column":2},"end":{"line":292,"column":56}}},"46":{"name":"thing_neighbourhood","line":337,"loc":{"start":{"line":337,"column":2},"end":{"line":337,"column":66}}},"47":{"name":"(anonymous_24)","line":338,"loc":{"start":{"line":338,"column":18},"end":{"line":338,"column":19}}},"48":{"name":"(anonymous_25)","line":352,"loc":{"start":{"line":352,"column":40},"end":{"line":352,"column":47}}},"49":{"name":"(anonymous_26)","line":359,"loc":{"start":{"line":359,"column":15},"end":{"line":359,"column":22}}},"50":{"name":"(anonymous_27)","line":360,"loc":{"start":{"line":360,"column":38},"end":{"line":360,"column":46}}},"51":{"name":"(anonymous_28)","line":369,"loc":{"start":{"line":369,"column":9},"end":{"line":369,"column":16}}},"52":{"name":"(anonymous_29)","line":372,"loc":{"start":{"line":372,"column":39},"end":{"line":372,"column":46}}},"53":{"name":"(anonymous_30)","line":373,"loc":{"start":{"line":373,"column":49},"end":{"line":373,"column":56}}},"54":{"name":"(anonymous_31)","line":374,"loc":{"start":{"line":374,"column":48},"end":{"line":374,"column":55}}},"55":{"name":"(anonymous_32)","line":378,"loc":{"start":{"line":378,"column":13},"end":{"line":378,"column":20}}},"56":{"name":"cosine_distance","line":394,"loc":{"start":{"line":394,"column":2},"end":{"line":394,"column":43}}},"57":{"name":"get_cosine_distances","line":412,"loc":{"start":{"line":412,"column":2},"end":{"line":412,"column":109}}},"58":{"name":"(anonymous_33)","line":413,"loc":{"start":{"line":413,"column":18},"end":{"line":413,"column":19}}},"59":{"name":"(anonymous_34)","line":426,"loc":{"start":{"line":426,"column":15},"end":{"line":426,"column":22}}},"60":{"name":"(anonymous_35)","line":430,"loc":{"start":{"line":430,"column":41},"end":{"line":430,"column":57}}},"61":{"name":"(anonymous_36)","line":432,"loc":{"start":{"line":432,"column":13},"end":{"line":432,"column":20}}},"62":{"name":"(anonymous_37)","line":438,"loc":{"start":{"line":438,"column":9},"end":{"line":438,"column":16}}},"63":{"name":"(anonymous_38)","line":440,"loc":{"start":{"line":440,"column":9},"end":{"line":440,"column":16}}},"64":{"name":"(anonymous_39)","line":452,"loc":{"start":{"line":452,"column":11},"end":{"line":452,"column":18}}},"65":{"name":"_similarities","line":469,"loc":{"start":{"line":469,"column":2},"end":{"line":469,"column":84}}},"66":{"name":"(anonymous_40)","line":470,"loc":{"start":{"line":470,"column":18},"end":{"line":470,"column":19}}},"67":{"name":"calculate_similarities_from_thing","line":479,"loc":{"start":{"line":479,"column":2},"end":{"line":479,"column":86}}},"68":{"name":"person_neighbourhood","line":491,"loc":{"start":{"line":491,"column":2},"end":{"line":491,"column":68}}},"69":{"name":"(anonymous_41)","line":492,"loc":{"start":{"line":492,"column":18},"end":{"line":492,"column":19}}},"70":{"name":"(anonymous_42)","line":505,"loc":{"start":{"line":505,"column":41},"end":{"line":505,"column":48}}},"71":{"name":"(anonymous_43)","line":512,"loc":{"start":{"line":512,"column":20},"end":{"line":512,"column":27}}},"72":{"name":"(anonymous_44)","line":513,"loc":{"start":{"line":513,"column":39},"end":{"line":513,"column":47}}},"73":{"name":"(anonymous_45)","line":518,"loc":{"start":{"line":518,"column":18},"end":{"line":518,"column":25}}},"74":{"name":"(anonymous_46)","line":524,"loc":{"start":{"line":524,"column":9},"end":{"line":524,"column":16}}},"75":{"name":"(anonymous_47)","line":531,"loc":{"start":{"line":531,"column":18},"end":{"line":531,"column":25}}},"76":{"name":"(anonymous_48)","line":532,"loc":{"start":{"line":532,"column":39},"end":{"line":532,"column":47}}},"77":{"name":"calculate_similarities_from_person","line":548,"loc":{"start":{"line":548,"column":2},"end":{"line":548,"column":88}}},"78":{"name":"filter_things_by_previous_actions","line":553,"loc":{"start":{"line":553,"column":2},"end":{"line":553,"column":75}}},"79":{"name":"(anonymous_49)","line":554,"loc":{"start":{"line":554,"column":18},"end":{"line":554,"column":19}}},"80":{"name":"recent_recommendations_by_people","line":563,"loc":{"start":{"line":563,"column":2},"end":{"line":563,"column":80}}},"81":{"name":"(anonymous_50)","line":564,"loc":{"start":{"line":564,"column":18},"end":{"line":564,"column":19}}},"82":{"name":"(anonymous_51)","line":580,"loc":{"start":{"line":580,"column":17},"end":{"line":580,"column":24}}},"83":{"name":"(anonymous_52)","line":585,"loc":{"start":{"line":585,"column":17},"end":{"line":585,"column":24}}},"84":{"name":"(anonymous_53)","line":591,"loc":{"start":{"line":591,"column":10},"end":{"line":591,"column":17}}},"85":{"name":"(anonymous_54)","line":595,"loc":{"start":{"line":595,"column":48},"end":{"line":595,"column":55}}},"86":{"name":"(anonymous_55)","line":596,"loc":{"start":{"line":596,"column":47},"end":{"line":596,"column":54}}},"87":{"name":"pre_compact","line":616,"loc":{"start":{"line":616,"column":2},"end":{"line":616,"column":16}}},"88":{"name":"(anonymous_56)","line":617,"loc":{"start":{"line":617,"column":11},"end":{"line":617,"column":12}}},"89":{"name":"post_compact","line":619,"loc":{"start":{"line":619,"column":2},"end":{"line":619,"column":17}}},"90":{"name":"(anonymous_57)","line":620,"loc":{"start":{"line":620,"column":11},"end":{"line":620,"column":12}}},"91":{"name":"remove_non_unique_events_for_people","line":622,"loc":{"start":{"line":622,"column":2},"end":{"line":622,"column":49}}},"92":{"name":"(anonymous_58)","line":623,"loc":{"start":{"line":623,"column":12},"end":{"line":623,"column":13}}},"93":{"name":"remove_non_unique_events_for_person","line":625,"loc":{"start":{"line":625,"column":2},"end":{"line":625,"column":49}}},"94":{"name":"(anonymous_59)","line":626,"loc":{"start":{"line":626,"column":12},"end":{"line":626,"column":13}}},"95":{"name":"get_active_things","line":628,"loc":{"start":{"line":628,"column":2},"end":{"line":628,"column":34}}},"96":{"name":"get_active_people","line":643,"loc":{"start":{"line":643,"column":2},"end":{"line":643,"column":34}}},"97":{"name":"compact_people","line":658,"loc":{"start":{"line":658,"column":2},"end":{"line":658,"column":79}}},"98":{"name":"(anonymous_60)","line":660,"loc":{"start":{"line":660,"column":11},"end":{"line":660,"column":21}}},"99":{"name":"compact_things","line":664,"loc":{"start":{"line":664,"column":2},"end":{"line":664,"column":79}}},"100":{"name":"(anonymous_61)","line":666,"loc":{"start":{"line":666,"column":11},"end":{"line":666,"column":21}}},"101":{"name":"truncate_things_per_action","line":670,"loc":{"start":{"line":670,"column":2},"end":{"line":670,"column":72}}},"102":{"name":"(anonymous_62)","line":673,"loc":{"start":{"line":673,"column":19},"end":{"line":673,"column":20}}},"103":{"name":"truncate_people_per_action","line":683,"loc":{"start":{"line":683,"column":2},"end":{"line":683,"column":72}}},"104":{"name":"(anonymous_63)","line":685,"loc":{"start":{"line":685,"column":19},"end":{"line":685,"column":20}}},"105":{"name":"remove_events_till_size","line":693,"loc":{"start":{"line":693,"column":2},"end":{"line":693,"column":58}}}},"statementMap":{"1":{"start":{"line":1,"column":0},"end":{"line":1,"column":22}},"2":{"start":{"line":2,"column":0},"end":{"line":2,"column":16}},"3":{"start":{"line":3,"column":0},"end":{"line":3,"column":24}},"4":{"start":{"line":4,"column":0},"end":{"line":4,"column":24}},"5":{"start":{"line":5,"column":0},"end":{"line":5,"column":12}},"6":{"start":{"line":6,"column":0},"end":{"line":6,"column":19}},"7":{"start":{"line":7,"column":0},"end":{"line":7,"column":33}},"8":{"start":{"line":9,"column":0},"end":{"line":12,"column":21}},"9":{"start":{"line":10,"column":2},"end":{"line":10,"column":37}},"10":{"start":{"line":11,"column":2},"end":{"line":11,"column":32}},"11":{"start":{"line":12,"column":2},"end":{"line":12,"column":21}},"12":{"start":{"line":14,"column":0},"end":{"line":14,"column":38}},"13":{"start":{"line":16,"column":0},"end":{"line":697,"column":67}},"14":{"start":{"line":23,"column":4},"end":{"line":23,"column":15}},"15":{"start":{"line":24,"column":4},"end":{"line":24,"column":43}},"16":{"start":{"line":25,"column":4},"end":{"line":25,"column":41}},"17":{"start":{"line":26,"column":4},"end":{"line":26,"column":40}},"18":{"start":{"line":27,"column":4},"end":{"line":27,"column":45}},"19":{"start":{"line":30,"column":4},"end":{"line":30,"column":61}},"20":{"start":{"line":30,"column":42},"end":{"line":30,"column":45}},"21":{"start":{"line":30,"column":57},"end":{"line":30,"column":60}},"22":{"start":{"line":33,"column":4},"end":{"line":33,"column":59}},"23":{"start":{"line":33,"column":40},"end":{"line":33,"column":43}},"24":{"start":{"line":33,"column":55},"end":{"line":33,"column":58}},"25":{"start":{"line":36,"column":4},"end":{"line":39,"column":54}},"26":{"start":{"line":37,"column":6},"end":{"line":37,"column":28}},"27":{"start":{"line":37,"column":23},"end":{"line":37,"column":27}},"28":{"start":{"line":39,"column":6},"end":{"line":39,"column":54}},"29":{"start":{"line":39,"column":50},"end":{"line":39,"column":53}},"30":{"start":{"line":42,"column":4},"end":{"line":46,"column":28}},"31":{"start":{"line":44,"column":6},"end":{"line":44,"column":65}},"32":{"start":{"line":44,"column":61},"end":{"line":44,"column":64}},"33":{"start":{"line":46,"column":6},"end":{"line":46,"column":28}},"34":{"start":{"line":46,"column":23},"end":{"line":46,"column":27}},"35":{"start":{"line":49,"column":4},"end":{"line":55,"column":28}},"36":{"start":{"line":50,"column":6},"end":{"line":53,"column":27}},"37":{"start":{"line":53,"column":23},"end":{"line":53,"column":26}},"38":{"start":{"line":55,"column":6},"end":{"line":55,"column":28}},"39":{"start":{"line":55,"column":23},"end":{"line":55,"column":27}},"40":{"start":{"line":58,"column":4},"end":{"line":63,"column":4}},"41":{"start":{"line":59,"column":6},"end":{"line":62,"column":7}},"42":{"start":{"line":60,"column":28},"end":{"line":60,"column":46}},"43":{"start":{"line":60,"column":29},"end":{"line":60,"column":37}},"44":{"start":{"line":66,"column":4},"end":{"line":68,"column":4}},"45":{"start":{"line":67,"column":6},"end":{"line":67,"column":29}},"46":{"start":{"line":71,"column":4},"end":{"line":74,"column":4}},"47":{"start":{"line":73,"column":6},"end":{"line":73,"column":32}},"48":{"start":{"line":73,"column":21},"end":{"line":73,"column":21}},"49":{"start":{"line":78,"column":4},"end":{"line":120,"column":19}},"50":{"start":{"line":79,"column":6},"end":{"line":82,"column":7}},"51":{"start":{"line":80,"column":28},"end":{"line":80,"column":46}},"52":{"start":{"line":80,"column":29},"end":{"line":80,"column":37}},"53":{"start":{"line":85,"column":6},"end":{"line":85,"column":18}},"54":{"start":{"line":86,"column":6},"end":{"line":115,"column":9}},"55":{"start":{"line":87,"column":8},"end":{"line":115,"column":9}},"56":{"start":{"line":88,"column":22},"end":{"line":88,"column":40}},"57":{"start":{"line":88,"column":23},"end":{"line":88,"column":31}},"58":{"start":{"line":89,"column":22},"end":{"line":89,"column":40}},"59":{"start":{"line":89,"column":23},"end":{"line":89,"column":31}},"60":{"start":{"line":91,"column":22},"end":{"line":91,"column":40}},"61":{"start":{"line":91,"column":23},"end":{"line":91,"column":31}},"62":{"start":{"line":92,"column":22},"end":{"line":92,"column":40}},"63":{"start":{"line":92,"column":23},"end":{"line":92,"column":31}},"64":{"start":{"line":94,"column":22},"end":{"line":94,"column":40}},"65":{"start":{"line":94,"column":23},"end":{"line":94,"column":31}},"66":{"start":{"line":95,"column":22},"end":{"line":95,"column":40}},"67":{"start":{"line":95,"column":23},"end":{"line":95,"column":31}},"68":{"start":{"line":96,"column":22},"end":{"line":96,"column":40}},"69":{"start":{"line":96,"column":23},"end":{"line":96,"column":31}},"70":{"start":{"line":98,"column":22},"end":{"line":98,"column":40}},"71":{"start":{"line":98,"column":23},"end":{"line":98,"column":31}},"72":{"start":{"line":100,"column":22},"end":{"line":100,"column":40}},"73":{"start":{"line":100,"column":23},"end":{"line":100,"column":31}},"74":{"start":{"line":101,"column":22},"end":{"line":101,"column":40}},"75":{"start":{"line":101,"column":23},"end":{"line":101,"column":31}},"76":{"start":{"line":102,"column":22},"end":{"line":102,"column":40}},"77":{"start":{"line":102,"column":23},"end":{"line":102,"column":31}},"78":{"start":{"line":103,"column":22},"end":{"line":103,"column":40}},"79":{"start":{"line":103,"column":23},"end":{"line":103,"column":31}},"80":{"start":{"line":104,"column":22},"end":{"line":104,"column":40}},"81":{"start":{"line":104,"column":23},"end":{"line":104,"column":31}},"82":{"start":{"line":106,"column":22},"end":{"line":106,"column":40}},"83":{"start":{"line":106,"column":23},"end":{"line":106,"column":31}},"84":{"start":{"line":107,"column":22},"end":{"line":107,"column":40}},"85":{"start":{"line":107,"column":23},"end":{"line":107,"column":31}},"86":{"start":{"line":108,"column":22},"end":{"line":108,"column":40}},"87":{"start":{"line":108,"column":23},"end":{"line":108,"column":31}},"88":{"start":{"line":109,"column":22},"end":{"line":109,"column":40}},"89":{"start":{"line":109,"column":23},"end":{"line":109,"column":31}},"90":{"start":{"line":110,"column":22},"end":{"line":110,"column":40}},"91":{"start":{"line":110,"column":23},"end":{"line":110,"column":31}},"92":{"start":{"line":112,"column":22},"end":{"line":112,"column":40}},"93":{"start":{"line":112,"column":23},"end":{"line":112,"column":31}},"94":{"start":{"line":113,"column":22},"end":{"line":113,"column":40}},"95":{"start":{"line":113,"column":23},"end":{"line":113,"column":31}},"96":{"start":{"line":116,"column":6},"end":{"line":116,"column":82}},"97":{"start":{"line":116,"column":32},"end":{"line":116,"column":81}},"98":{"start":{"line":116,"column":44},"end":{"line":116,"column":62}},"99":{"start":{"line":116,"column":45},"end":{"line":116,"column":53}},"100":{"start":{"line":119,"column":6},"end":{"line":119,"column":109}},"101":{"start":{"line":120,"column":15},"end":{"line":120,"column":18}},"102":{"start":{"line":134,"column":4},"end":{"line":146,"column":16}},"103":{"start":{"line":135,"column":6},"end":{"line":135,"column":26}},"104":{"start":{"line":136,"column":6},"end":{"line":137,"column":27}},"105":{"start":{"line":137,"column":8},"end":{"line":137,"column":27}},"106":{"start":{"line":138,"column":6},"end":{"line":138,"column":47}},"107":{"start":{"line":139,"column":6},"end":{"line":143,"column":44}},"108":{"start":{"line":139,"column":9},"end":{"line":139,"column":28}},"109":{"start":{"line":140,"column":8},"end":{"line":140,"co
[...]
6,"column":4}},"66":{"start":{"line":94,"column":6},"end":{"line":94,"column":32}},"67":{"start":{"line":95,"column":6},"end":{"line":95,"column":44}},"68":{"start":{"line":98,"column":4},"end":{"line":98,"column":58}},"69":{"start":{"line":101,"column":4},"end":{"line":101,"column":42}},"70":{"start":{"line":102,"column":4},"end":{"line":102,"column":42}},"71":{"start":{"line":103,"column":4},"end":{"line":103,"column":42}},"72":{"start":{"line":106,"column":4},"end":{"line":106,"column":26}},"73":{"start":{"line":107,"column":4},"end":{"line":107,"column":26}},"74":{"start":{"line":108,"column":4},"end":{"line":108,"column":26}},"75":{"start":{"line":113,"column":4},"end":{"line":123,"column":4}},"76":{"start":{"line":118,"column":8},"end":{"line":122,"column":8}},"77":{"start":{"line":119,"column":10},"end":{"line":121,"column":10}},"78":{"start":{"line":120,"column":12},"end":{"line":120,"column":78}},"79":{"start":{"line":126,"column":4},"end":{"line":133,"column":4}},"80":{"start":{"line":130,"column":8},"end":{"line":132,"column":98}},"81":{"start":{"line":137,"column":4},"end":{"line":157,"column":4}},"82":{"start":{"line":143,"column":8},"end":{"line":156,"column":8}},"83":{"start":{"line":144,"column":10},"end":{"line":144,"column":56}},"84":{"start":{"line":146,"column":10},"end":{"line":155,"column":10}},"85":{"start":{"line":147,"column":12},"end":{"line":147,"column":58}},"86":{"start":{"line":149,"column":12},"end":{"line":154,"column":12}},"87":{"start":{"line":150,"column":14},"end":{"line":150,"column":60}},"88":{"start":{"line":151,"column":14},"end":{"line":153,"column":104}},"89":{"start":{"line":161,"column":4},"end":{"line":177,"column":4}},"90":{"start":{"line":167,"column":8},"end":{"line":167,"column":37}},"91":{"start":{"line":169,"column":8},"end":{"line":176,"column":8}},"92":{"start":{"line":170,"column":10},"end":{"line":175,"column":23}},"93":{"start":{"line":170,"column":14},"end":{"line":170,"column":16}},"94":{"start":{"line":171,"column":12},"end":{"line":171,"column":77}},"95":{"start":{"line":172,"column":12},"end":{"line":172,"column":29}},"96":{"start":{"line":173,"column":12},"end":{"line":173,"column":32}},"97":{"start":{"line":175,"column":12},"end":{"line":175,"column":23}},"98":{"start":{"line":181,"column":4},"end":{"line":198,"column":4}},"99":{"start":{"line":185,"column":8},"end":{"line":185,"column":32}},"100":{"start":{"line":187,"column":8},"end":{"line":197,"column":8}},"101":{"start":{"line":188,"column":10},"end":{"line":193,"column":46}},"102":{"start":{"line":188,"column":14},"end":{"line":188,"column":16}},"103":{"start":{"line":189,"column":12},"end":{"line":189,"column":68}},"104":{"start":{"line":190,"column":12},"end":{"line":190,"column":29}},"105":{"start":{"line":191,"column":12},"end":{"line":191,"column":32}},"106":{"start":{"line":193,"column":12},"end":{"line":193,"column":46}},"107":{"start":{"line":194,"column":12},"end":{"line":194,"column":27}},"108":{"start":{"line":195,"column":12},"end":{"line":195,"column":46}},"109":{"start":{"line":196,"column":12},"end":{"line":196,"column":33}},"110":{"start":{"line":202,"column":4},"end":{"line":217,"column":4}},"111":{"start":{"line":206,"column":8},"end":{"line":206,"column":34}},"112":{"start":{"line":208,"column":8},"end":{"line":216,"column":8}},"113":{"start":{"line":209,"column":10},"end":{"line":212,"column":61}},"114":{"start":{"line":209,"column":14},"end":{"line":209,"column":16}},"115":{"start":{"line":210,"column":12},"end":{"line":210,"column":30}},"116":{"start":{"line":212,"column":12},"end":{"line":212,"column":61}},"117":{"start":{"line":213,"column":12},"end":{"line":213,"column":27}},"118":{"start":{"line":214,"column":12},"end":{"line":214,"column":46}},"119":{"start":{"line":215,"column":12},"end":{"line":215,"column":33}},"120":{"start":{"line":221,"column":4},"end":{"line":266,"column":4}},"121":{"start":{"line":225,"column":8},"end":{"line":225,"column":37}},"122":{"start":{"line":226,"column":8},"end":{"line":226,"column":37}},"123":{"start":{"line":227,"column":8},"end":{"line":265,"column":8}},"124":{"start":{"line":228,"column":10},"end":{"line":260,"column":77}},"125":{"start":{"line":228,"column":14},"end":{"line":228,"column":28}},"126":{"start":{"line":229,"column":12},"end":{"line":258,"column":12}},"127":{"start":{"line":230,"column":14},"end":{"line":232,"column":41}},"128":{"start":{"line":230,"column":18},"end":{"line":230,"column":20}},"129":{"start":{"line":231,"column":16},"end":{"line":231,"column":70}},"130":{"start":{"line":232,"column":16},"end":{"line":232,"column":41}},"131":{"start":{"line":234,"column":14},"end":{"line":234,"column":55}},"132":{"start":{"line":235,"column":14},"end":{"line":257,"column":14}},"133":{"start":{"line":245,"column":16},"end":{"line":245,"column":73}},"134":{"start":{"line":246,"column":16},"end":{"line":246,"column":40}},"135":{"start":{"line":247,"column":16},"end":{"line":247,"column":36}},"136":{"start":{"line":248,"column":16},"end":{"line":248,"column":40}},"137":{"start":{"line":249,"column":16},"end":{"line":249,"column":31}},"138":{"start":{"line":251,"column":16},"end":{"line":253,"column":17}},"139":{"start":{"line":255,"column":16},"end":{"line":255,"column":44}},"140":{"start":{"line":256,"column":16},"end":{"line":256,"column":112}},"141":{"start":{"line":260,"column":12},"end":{"line":260,"column":77}},"142":{"start":{"line":261,"column":12},"end":{"line":261,"column":36}},"143":{"start":{"line":262,"column":12},"end":{"line":262,"column":27}},"144":{"start":{"line":263,"column":12},"end":{"line":263,"column":36}},"145":{"start":{"line":264,"column":12},"end":{"line":264,"column":32}},"146":{"start":{"line":270,"column":4},"end":{"line":305,"column":4}},"147":{"start":{"line":275,"column":8},"end":{"line":275,"column":37}},"148":{"start":{"line":276,"column":8},"end":{"line":304,"column":8}},"149":{"start":{"line":284,"column":10},"end":{"line":289,"column":46}},"150":{"start":{"line":284,"column":14},"end":{"line":284,"column":42}},"151":{"start":{"line":285,"column":12},"end":{"line":285,"column":47}},"152":{"start":{"line":286,"column":12},"end":{"line":286,"column":41}},"153":{"start":{"line":287,"column":12},"end":{"line":287,"column":39}},"154":{"start":{"line":289,"column":14},"end":{"line":289,"column":46}},"155":{"start":{"line":290,"column":14},"end":{"line":290,"column":32}},"156":{"start":{"line":291,"column":14},"end":{"line":291,"column":43}},"157":{"start":{"line":293,"column":14},"end":{"line":300,"column":16}},"158":{"start":{"line":294,"column":18},"end":{"line":298,"column":64}},"159":{"start":{"line":294,"column":22},"end":{"line":294,"column":37}},"160":{"start":{"line":295,"column":20},"end":{"line":295,"column":73}},"161":{"start":{"line":296,"column":20},"end":{"line":296,"column":67}},"162":{"start":{"line":298,"column":20},"end":{"line":298,"column":64}},"163":{"start":{"line":299,"column":20},"end":{"line":299,"column":69}},"164":{"start":{"line":302,"column":10},"end":{"line":302,"column":38}},"165":{"start":{"line":303,"column":10},"end":{"line":303,"column":28}},"166":{"start":{"line":311,"column":4},"end":{"line":311,"column":9}},"167":{"start":{"line":314,"column":0},"end":{"line":316,"column":17}},"168":{"start":{"line":318,"column":0},"end":{"line":318,"column":22}}},"branchMap":{"1":{"line":26,"type":"if","locations":[{"start":{"line":26,"column":2},"end":{"line":26,"column":2}},{"start":{"line":26,"column":2},"end":{"line":26,"column":2}}]},"2":{"line":35,"type":"if","locations":[{"start":{"line":35,"column":2},"end":{"line":35,"column":2}},{"start":{"line":35,"column":2},"end":{"line":35,"column":2}}]},"3":{"line":40,"type":"if","locations":[{"start":{"line":40,"column":4},"end":{"line":40,"column":4}},{"start":{"line":40,"column":4},"end":{"line":40,"column":4}}]},"4":{"line":44,"type":"if","locations":[{"start":{"line":44,"column":8},"end":{"line":44,"column":8}},{"start":{"line":44,"column":8},"end":{"line":44,"column":8}}]},"5":{"line":58,"type":"if","locations":[{"start":{"line":58,"column":2},"end":{"line":58,"column":2}},{"start":{"line":58,"column":2},"end":{"line":58,"column":2}}]},"6":{"line":62,"type":"if","locations":[{"start":{"line":62,"column":4},"end":{"line":62,"column":4}},{"start":{"line":62,"column":4},"end":{"line":62,"column":4}}]},"7":{"line":73,"type":"if","locations":[{"start":{"line":73,"column":4},"end":{"line":73,"column":4}},{"start":{"line":73,"column":4},"end":{"line":73,"column":4}}]},"8":{"line":170,"type":"if","locations":[{"start":{"line":170,"column":10},"end":{"line":170,"column":10}},{"start":{"line":170,"column":10},"end":{"line":170,"column":10}}]},"9":{"line":188,"type":"if","locations":[{"start":{"line":188,"column":10},"end":{"line":188,"column":10}},{"start":{"line":188,"column":10},"end":{"line":188,"column":10}}]},"10":{"line":209,"type":"if","locations":[{"start":{"line":209,"column":10},"end":{"line":209,"column":10}},{"start":{"line":209,"column":10},"end":{"line":209,"column":10}}]},"11":{"line":228,"type":"if","locations":[{"start":{"line":228,"column":10},"end":{"line":228,"column":10}},{"start":{"line":228,"column":10},"end":{"line":228,"column":10}}]},"12":{"line":230,"type":"if","locations":[{"start":{"line":230,"column":14},"end":{"line":230,"column":14}},{"start":{"line":230,"column":14},"end":{"line":230,"column":14}}]},"13":{"line":284,"type":"if","locations":[{"start":{"line":284,"column":10},"end":{"line":284,"column":10}},{"start":{"line":284,"column":10},"end":{"line":284,"column":10}}]},"14":{"line":294,"type":"if","locations":[{"start":{"line":294,"column":18},"end":{"line":294,"column":18}},{"start":{"line":294,"column":18},"end":{"line":294,"column":18}}]}}},"/opt/comentarismo-reco/server/server.coffee":{"path":"/opt/comentarismo-reco/server/server.coffee","s":{"1":1,"2":1,"3":1,"4":1,"5":1,"6":1,"7":1,"8":1,"9":1,"10":1,"11":1,"12":1,"13":1,"14":1,"15":1,"16":1,"17":1,"18":1,"19":1,"20":1,"21":1,"22":0,"23":0,"24":1,"25":1,"26":1,"27":0,"28":1,"29":1,"30":1,"31":1,"32":1,"33":1,"34":1,"35":1,"36":1,"37":1,"38":1,"39":1,"40":0,"41":0,"42":0,"43":0,"44":0,"45":0,"46":0,"47":1,"48":1,"49":1,"50":1,"51":0,"52":1,"53":1,"54":1,"55":1,"56":1,"57":0,"58":1,"59":1,"60":1,"61":1,"62":1,"63":1,"64":1,"65":1,"66":0,"67":1,"68":1,"69":1,"70":3,"71":3,"72":3,"73":3,"74":0,"75":3,"76":3,"77":1,"78":1,"79":1,"80":1,"81":0,"82":0,"83":0,"84":0,"85":1},"b":{"1":[0,1,0],"2":[0,0],"3":[0,1],"4":[0,1],"5":[0,3]},"f":{"1":1,"2":1,"3":1,"4":1,"5":1,"6":1,"7":1,"8":1,"9":1,"10":0,"11":0,"12":1,"13":0,"14":1,"15":1,"16":1,"17":1,"18":3,"19":3,"20":1,"21":1,"22":0,"23":0},"fnMap":{"1":{"name":"ServerRecommendationEngine","line":32,"loc":{"start":{"line":32,"column":6},"end":{"line":32,"column":31}}},"2":{"name":"constructor","line":33,"loc":{"start":{"line":33,"column":2},"end":{"line":33,"column":31}}},"3":{"name":"initialize","line":63,"loc":{"start":{"line":63,"column":2},"end":{"line":63,"column":15}}},"4":{"name":"(anonymous_1)","line":64,"loc":{"start":{"line":64,"column":11},"end":{"line":64,"column":12}}},"5":{"name":"(anonymous_2)","line":65,"loc":{"start":{"line":65,"column":12},"end":{"line":65,"column":13}}},"6":{"name":"(anonymous_3)","line":66,"loc":{"start":{"line":66,"column":12},"end":{"line":66,"column":13}}},"7":{"name":"init_server","line":68,"loc":{"start":{"line":68,"column":2},"end":{"line":68,"column":36}}},"8":{"name":"setup_server","line":85,"loc":{"start":{"line":85,"column":2},"end":{"line":85,"column":17}}},"9":{"name":"add_server_routes","line":88,"loc":{"start":{"line":88,"column":2},"end":{"line":88,"column":22}}},"10":{"name":"server_method","line":94,"loc":{"start":{"line":94,"column":2},"end":{"line":94,"column":38}}},"11":{"name":"(anonymous_4)","line":96,"loc":{"start":{"line":96,"column":50},"end":{"line":96,"column":65}}},"12":{"name":"start","line":105,"loc":{"start":{"line":105,"column":2},"end":{"line":105,"column":10}}},"13":{"name":"stop","line":109,"loc":{"start":{"line":109,"column":2},"end":{"line":109,"column":9}}},"14":{"name":"load_jade_plugin","line":113,"loc":{"start":{"line":113,"column":2},"end":{"line":113,"column":44}}},"15":{"name":"(anonymous_5)","line":116,"loc":{"start":{"line":116,"column":69},"end":{"line":116,"column":76}}},"16":{"name":"load_static_plugin","line":129,"loc":{"start":{"line":129,"column":2},"end":{"line":129,"column":46}}},"17":{"name":"(anonymous_6)","line":132,"loc":{"start":{"line":132,"column":69},"end":{"line":132,"column":76}}},"18":{"name":"load_server_plugin","line":149,"loc":{"start":{"line":149,"column":2},"end":{"line":149,"column":46}}},"19":{"name":"(anonymous_7)","line":151,"loc":{"start":{"line":151,"column":69},"end":{"line":151,"column":76}}},"20":{"name":"start_server","line":159,"loc":{"start":{"line":159,"column":2},"end":{"line":159,"column":17}}},"21":{"name":"(anonymous_8)","line":161,"loc":{"start":{"line":161,"column":19},"end":{"line":161,"column":20}}},"22":{"name":"stop_server","line":166,"loc":{"start":{"line":166,"column":2},"end":{"line":166,"column":16}}},"23":{"name":"(anonymous_9)","line":168,"loc":{"start":{"line":168,"column":18},"end":{"line":168,"column":19}}}},"statementMap":{"1":{"start":{"line":2,"column":0},"end":{"line":2,"column":22}},"2":{"start":{"line":3,"column":0},"end":{"line":3,"column":23}},"3":{"start":{"line":4,"column":0},"end":{"line":4,"column":27}},"4":{"start":{"line":7,"column":0},"end":{"line":7,"column":20}},"5":{"start":{"line":10,"column":0},"end":{"line":10,"column":22}},"6":{"start":{"line":12,"column":0},"end":{"line":12,"column":15}},"7":{"start":{"line":14,"column":0},"end":{"line":14,"column":35}},"8":{"start":{"line":15,"column":0},"end":{"line":15,"column":25}},"9":{"start":{"line":16,"column":0},"end":{"line":16,"column":12}},"10":{"start":{"line":21,"column":0},"end":{"line":21,"column":46}},"11":{"start":{"line":22,"column":0},"end":{"line":22,"column":42}},"12":{"start":{"line":23,"column":0},"end":{"line":23,"column":44}},"13":{"start":{"line":25,"column":0},"end":{"line":25,"column":54}},"14":{"start":{"line":26,"column":0},"end":{"line":26,"column":51}},"15":{"start":{"line":27,"column":0},"end":{"line":27,"column":54}},"16":{"start":{"line":28,"column":0},"end":{"line":28,"column":58}},"17":{"start":{"line":29,"column":0},"end":{"line":29,"column":52}},"18":{"start":{"line":30,"column":0},"end":{"line":30,"column":46}},"19":{"start":{"line":32,"column":0},"end":{"line":171,"column":12}},"20":{"start":{"line":34,"column":4},"end":{"line":49,"column":5}},"21":{"start":{"line":51,"column":4},"end":{"line":61,"column":37}},"22":{"start":{"line":53,"column":8},"end":{"line":53,"column":29}},"23":{"start":{"line":54,"column":8},"end":{"line":54,"column":39}},"24":{"start":{"line":56,"column":8},"end":{"line":56,"column":151}},"25":{"start":{"line":57,"column":8},"end":{"line":57,"column":68}},"26":{"start":{"line":58,"column":8},"end":{"line":58,"column":41}},"27":{"start":{"line":61,"column":8},"end":{"line":61,"column":37}},"28":{"start":{"line":64,"column":4},"end":{"line":66,"column":35}},"29":{"start":{"line":64,"column":14},"end":{"line":64,"column":27}},"30":{"start":{"line":65,"column":15},"end":{"line":65,"column":29}},"31":{"start":{"line":66,"column":15},"end":{"line":66,"column":34}},"32":{"start":{"line":70,"column":4},"end":{"line":81,"column":4}},"33":{"start":{"line":82,"column":4},"end":{"line":82,"column":45}},"34":{"start":{"line":83,"column":4},"end":{"line":83,"column":24}},"35":{"start":{"line":86,"column":4},"end":{"line":86,"column":56}},"36":{"start":{"line":89,"column":4},"end":{"line":89,"column":47}},"37":{"start":{"line":90,"column":4},"end":{"line":90,"column":50}},"38":{"start":{"line":91,"column":4},"end":{"line":91,"column":30}},"39":{"start":{"line":92,"column":4},"end":{"line":92,"column":31}},"40":{"start":{"line":95,"column":4},"end":{"line":95,"column":17}},"41":{"start":{"line":96,"column":4},"end":{"line":101,"column":5}},"42":{"start":{"line":97,"column":6},"end":{"line":100,"column":24}},"43":{"start":{"line":97,"column":10},"end":{"line":97,"column":12}},"44":{"start":{"line":98,"column":8},"end":{"line":98,"column":20}},"45":{"start":{"line":100,"column":8},"end":{"line":100,"column":24}},"46":{"start":{"line":102,"column":4},"end":{"line":102,"column":4}},"47":{"start":{"line":106,"column":4},"end":{"line":106,"column":52}},"48":{"start":{"line":106,"column":16},"end":{"line":106,"column":51}},"49":{"start":{"line":106,"column":38},"end":{"line":106,"column":45}},"50":{"start":{"line":107,"column":4},"end":{"line":107,"column":18}},"51":{"start":{"line":110,"column":4},"end":{"line":110,"column":17}},"52":{"start":{"line":114,"column":4},"end":{"line":114,"column":17}},"53":{"start":{"line":115,"column":4},"end":{"line":115,"column":15}},"54":{"start":{"line":116,"column":4},"end":{"line":125,"column":4}},"55":{"start":{"line":117,"column":6},"end":{"line":123,"column":9}},"56":{"start":{"line":117,"column":10},"end":{"line":117,"column":12}},"57":{"start":{"line":118,"column":8},"end":{"line":118,"column":20}},"58":{"start":{"line":120,"column":8},"end":{"line":123,"column":9}},"59":{"start":{"line":124,"column":8},"end":{"line":124,"column":18}},"60":{"start":{"line":126,"column":4},"end":{"line":126,"column":4}},"61":{"start":{"line":130,"column":4},"end":{"line":130,"column":17}},"62":{"start":{"line":131,"column":4},"end":{"line":131,"column":15}},"63":{"start":{"line":132,"column":4},"end":{"line":146,"column":4}},"64":{"start":{"line":133,"column":6},"end":{"line":144,"column":9}},"65":{"start":{"line":133,"column":10},"end":{"line":133,"column":12}},"66":{"start":{"line":134,"column":8},"end":{"line":134,"column":20}},"67":{"start":{"line":136,"column":8},"end":{"line":144,"column":9}},"68":{"start":{"line":145,"column":8},"end":{"line":145,"column":18}},"69":{"start":{"line":147,"column":4},"end":{"line":147,"column":4}},"70":{"start":{"line":150,"column":4},"end":{"line":150,"column":17}},"71":{"start":{"line":151,"column":4},"end":{"line":156,"column":4}},"72":{"start":{"line":152,"column":6},"end":{"line":155,"column":18}},"73":{"start":{"line":152,"column":10},"end":{"line":152,"column":12}},"74":{"start":{"line":153,"column":8},"end":{"line":153,"column":20}},"75":{"start":{"line":155,"column":8},"end":{"line":155,"column":18}},"76":{"start":{"line":157,"column":4},"end":{"line":157,"column":4}},"77":{"start":{"line":160,"column":4},"end":{"line":160,"column":17}},"78":{"start":{"line":161,"column":4},"end":{"line":163,"column":4}},"79":{"start":{"line":162,"column":6},"end":{"line":162,"column":17}},"80":{"start":{"line":164,"column":4},"end":{"line":164,"column":4}},"81":{"start":{"line":167,"column":4},"end":{"line":167,"column":17}},"82":{"start":{"line":168,"column":4},"end":{"line":170,"column":4}},"83":{"start":{"line":169,"column":6},"end":{"line":169,"column":16}},"84":{"start":{"line":171,"column":4},"end":{"line":171,"column":4}},"85":{"start":{"line":174,"column":0},"end":{"line":174,"column":42}}},"branchMap":{"1":{"line":51,"type":"switch","locations":[{"start":{"line":52,"column":6},"end":{"line":53,"column":29}},{"start":{"line":55,"column":6},"end":{"line":56,"column":151}},{"start":{"line":61,"column":8},"end":{"line":61,"column":37}}]},"2":{"line":97,"type":"if","locations":[{"start":{"line":97,"column":6},"end":{"line":97,"column":6}},{"start":{"line":97,"column":6},"end":{"line":97,"column":6}}]},"3":{"line":117,"type":"if","locations":[{"start":{"line":117,"column":6},"end":{"line":117,"column":6}},{"start":{"line":117,"column":6},"end":{"line":117,"column":6}}]},"4":{"line":133,"type":"if","locations":[{"start":{"line":133,"column":6},"end":{"line":133,"column":6}},{"start":{"line":133,"column":6},"end":{"line":133,"column":6}}]},"5":{"line":152,"type":"if","locations":[{"start":{"line":152,"column":6},"end":{"line":152,"column":6}},{"start":{"line":152,"column":6},"end":{"line":152,"column":6}}]}}}}