TN:
SF:/opt/comentarismo-reco/coffee-coverage-loader.js
FNF:0
FNH:0
DA:4,1
DA:5,1
DA:6,1
DA:8,1
LF:4
LH:4
BRDA:6,1,0,0
BRDA:6,1,1,1
BRDA:13,2,0,0
BRDA:13,2,1,1
BRDA:13,3,0,0
BRDA:13,3,1,0
BRDA:14,4,0,0
BRDA:14,4,1,1
BRF:8
BRH:3
end_of_record
TN:
SF:/opt/comentarismo-reco/express/app.coffee
FN:38,(anonymous_1)
FNF:1
FNH:0
FNDA:0,(anonymous_1)
DA:1,0
DA:3,0
DA:4,0
DA:6,0
DA:7,0
DA:8,0
DA:9,0
DA:10,0
DA:14,0
DA:17,0
DA:18,0
DA:20,0
DA:22,0
DA:24,0
DA:25,0
DA:27,0
DA:29,0
DA:30,0
DA:32,0
DA:33,0
DA:35,0
DA:38,0
LF:22
LH:0
BRDA:20,1,0,0
BRDA:20,1,1,0
BRF:2
BRH:0
end_of_record
TN:
SF:/opt/comentarismo-reco/server/api.coffee
FN:63,Utils
FN:75,register
FN:83,handler
FN:85,(anonymous_1)
FN:88,(anonymous_2)
FN:94,handler
FN:97,(anonymous_3)
FN:101,(anonymous_4)
FN:104,(anonymous_5)
FN:117,handler
FN:121,(anonymous_6)
FN:124,(anonymous_7)
FN:139,handler
FN:141,(anonymous_8)
FN:144,(anonymous_9)
FN:148,(anonymous_10)
FN:159,handler
FN:166,(anonymous_11)
FN:169,(anonymous_12)
FN:185,handler
FN:193,(anonymous_13)
FN:202,(anonymous_14)
FN:205,(anonymous_15)
FN:219,handler
FN:222,(anonymous_16)
FN:226,(anonymous_17)
FN:229,(anonymous_18)
FN:232,(anonymous_19)
FN:235,(anonymous_20)
FNF:29
FNH:25
FNDA:4,Utils
FNDA:1,register
FNDA:4,handler
FNDA:4,(anonymous_1)
FNDA:0,(anonymous_2)
FNDA:9,handler
FNDA:9,(anonymous_3)
FNDA:8,(anonymous_4)
FNDA:1,(anonymous_5)
FNDA:9,handler
FNDA:9,(anonymous_6)
FNDA:0,(anonymous_7)
FNDA:4,handler
FNDA:3,(anonymous_8)
FNDA:1,(anonymous_9)
FNDA:0,(anonymous_10)
FNDA:1,handler
FNDA:1,(anonymous_11)
FNDA:0,(anonymous_12)
FNDA:3,handler
FNDA:3,(anonymous_13)
FNDA:2,(anonymous_14)
FNDA:1,(anonymous_15)
FNDA:2,handler
FNDA:2,(anonymous_16)
FNDA:1,(anonymous_17)
FNDA:1,(anonymous_18)
FNDA:1,(anonymous_19)
FNDA:1,(anonymous_20)
DA:1,1
DA:2,1
DA:4,1
DA:5,1
DA:8,1
DA:10,1
DA:12,1
DA:14,1
DA:18,1
DA:32,1
DA:40,1
DA:49,1
DA:53,1
DA:61,1
DA:63,1
DA:64,4
DA:65,4
DA:66,4
DA:67,4
DA:69,0
DA:70,0
DA:74,1
DA:76,1
DA:77,1
DA:80,1
DA:84,4
DA:86,4
DA:88,0
DA:91,1
DA:95,9
DA:96,9
DA:98,9
DA:99,8
DA:102,8
DA:104,1
DA:107,1
DA:118,9
DA:119,9
DA:120,9
DA:122,9
DA:124,0
DA:130,1
DA:140,4
DA:142,3
DA:145,1
DA:146,1
DA:148,0
DA:152,1
DA:160,1
DA:165,1
DA:167,1
DA:169,0
DA:176,1
DA:187,3
DA:188,3
DA:189,3
DA:190,3
DA:192,3
DA:194,3
DA:195,2
DA:196,0
DA:198,2
DA:200,2
DA:203,2
DA:205,1
DA:209,1
DA:220,2
DA:221,2
DA:223,2
DA:224,1
DA:227,1
DA:230,1
DA:233,1
DA:235,1
DA:238,1
DA:241,1
DA:245,1
LF:77
LH:70
BRDA:65,1,0,4
BRDA:65,1,1,0
BRDA:98,2,0,1
BRDA:98,2,1,8
BRDA:194,3,0,1
BRDA:194,3,1,2
BRDA:195,4,0,0
BRDA:195,4,1,2
BRDA:223,5,0,1
BRDA:223,5,1,1
BRF:10
BRH:8
end_of_record
TN:
SF:/opt/comentarismo-reco/server/basic_in_memory_esm.coffee
FN:13,BasicInMemoryESM
FN:15,constructor
FN:17,initialize
FN:21,(anonymous_1)
FN:23,destroy
FN:27,(anonymous_2)
FN:29,exists
FN:30,(anonymous_3)
FN:32,list_namespaces
FN:33,(anonymous_4)
FN:38,thing_neighbourhood
FN:39,(anonymous_5)
FN:52,(anonymous_6)
FN:53,(anonymous_7)
FN:54,(anonymous_8)
FN:55,(anonymous_9)
FN:57,person_neighbourhood
FN:58,(anonymous_10)
FN:72,(anonymous_11)
FN:75,(anonymous_12)
FN:79,_one_degree_away
FN:114,_cosine_distance
FN:154,_similarities
FN:155,(anonymous_13)
FN:168,(anonymous_14)
FN:170,calculate_similarities_from_person
FN:173,calculate_similarities_from_thing
FN:178,_recent_events
FN:179,(anonymous_15)
FN:222,(anonymous_16)
FN:223,(anonymous_17)
FN:225,recent_recommendations_by_people
FN:228,_filter_things_by_previous_action
FN:229,(anonymous_18)
FN:231,filter_things_by_previous_actions
FN:232,(anonymous_19)
FN:236,(anonymous_20)
FN:238,add_events
FN:244,add_event
FN:246,(anonymous_21)
FN:267,(anonymous_22)
FN:269,count_events
FN:270,(anonymous_23)
FN:272,estimate_event_count
FN:273,(anonymous_24)
FN:275,_find_event
FN:281,_filter_event
FN:312,_find_events
FN:344,(anonymous_25)
FN:349,find_events
FN:350,(anonymous_26)
FN:353,pre_compact
FN:354,(anonymous_27)
FN:356,_delete_events
FN:357,(anonymous_28)
FN:362,delete_events
FN:365,(anonymous_29)
FN:368,compact_people
FN:378,(anonymous_30)
FN:381,compact_things
FN:391,(anonymous_31)
FN:393,post_compact
FN:394,(anonymous_32)
FNF:63
FNH:0
FNDA:0,BasicInMemoryESM
FNDA:0,constructor
FNDA:0,initialize
FNDA:0,(anonymous_1)
FNDA:0,destroy
FNDA:0,(anonymous_2)
FNDA:0,exists
FNDA:0,(anonymous_3)
FNDA:0,list_namespaces
FNDA:0,(anonymous_4)
FNDA:0,thing_neighbourhood
FNDA:0,(anonymous_5)
FNDA:0,(anonymous_6)
FNDA:0,(anonymous_7)
FNDA:0,(anonymous_8)
FNDA:0,(anonymous_9)
FNDA:0,person_neighbourhood
FNDA:0,(anonymous_10)
FNDA:0,(anonymous_11)
FNDA:0,(anonymous_12)
FNDA:0,_one_degree_away
FNDA:0,_cosine_distance
FNDA:0,_similarities
FNDA:0,(anonymous_13)
FNDA:0,(anonymous_14)
FNDA:0,calculate_similarities_from_person
FNDA:0,calculate_similarities_from_thing
FNDA:0,_recent_events
FNDA:0,(anonymous_15)
FNDA:0,(anonymous_16)
FNDA:0,(anonymous_17)
FNDA:0,recent_recommendations_by_people
FNDA:0,_filter_things_by_previous_action
FNDA:0,(anonymous_18)
FNDA:0,filter_things_by_previous_actions
FNDA:0,(anonymous_19)
FNDA:0,(anonymous_20)
FNDA:0,add_events
FNDA:0,add_event
FNDA:0,(anonymous_21)
FNDA:0,(anonymous_22)
FNDA:0,count_events
FNDA:0,(anonymous_23)
FNDA:0,estimate_event_count
FNDA:0,(anonymous_24)
FNDA:0,_find_event
FNDA:0,_filter_event
FNDA:0,_find_events
FNDA:0,(anonymous_25)
FNDA:0,find_events
FNDA:0,(anonymous_26)
FNDA:0,pre_compact
FNDA:0,(anonymous_27)
FNDA:0,_delete_events
FNDA:0,(anonymous_28)
FNDA:0,delete_events
FNDA:0,(anonymous_29)
FNDA:0,compact_people
FNDA:0,(anonymous_30)
FNDA:0,compact_things
FNDA:0,(anonymous_31)
FNDA:0,post_compact
FNDA:0,(anonymous_32)
DA:1,0
DA:2,0
DA:4,0
DA:6,0
DA:7,0
DA:8,0
DA:10,0
DA:13,0
DA:18,0
DA:19,0
DA:20,0
DA:21,0
DA:24,0
DA:25,0
DA:26,0
DA:27,0
DA:30,0
DA:33,0
DA:39,0
DA:41,0
DA:47,0
DA:48,0
DA:50,0
DA:52,0
DA:53,0
DA:54,0
DA:55,0
DA:58,0
DA:60,0
DA:66,0
DA:67,0
DA:69,0
DA:71,0
DA:72,0
DA:73,0
DA:75,0
DA:80,0
DA:86,0
DA:87,0
DA:89,0
DA:90,0
DA:92,0
DA:93,0
DA:94,0
DA:96,0
DA:97,0
DA:98,0
DA:99,0
DA:104,0
DA:105,0
DA:106,0
DA:108,0
DA:116,0
DA:117,0
DA:118,0
DA:119,0
DA:120,0
DA:121,0
DA:123,0
DA:124,0
DA:125,0
DA:126,0
DA:127,0
DA:128,0
DA:130,0
DA:131,0
DA:132,0
DA:133,0
DA:134,0
DA:135,0
DA:137,0
DA:138,0
DA:139,0
DA:140,0
DA:142,0
DA:143,0
DA:144,0
DA:146,0
DA:147,0
DA:148,0
DA:150,0
DA:152,0
DA:155,0
DA:157,0
DA:163,0
DA:164,0
DA:165,0
DA:166,0
DA:168,0
DA:171,0
DA:174,0
DA:179,0
DA:181,0
DA:186,0
DA:189,0
DA:190,0
DA:191,0
DA:192,0
DA:194,0
DA:195,0
DA:197,0
DA:199,0
DA:200,0
DA:201,0
DA:203,0
DA:204,0
DA:206,0
DA:207,0
DA:210,0
DA:217,0
DA:218,0
DA:219,0
DA:220,0
DA:222,0
DA:223,0
DA:226,0
DA:229,0
DA:232,0
DA:233,0
DA:234,0
DA:235,0
DA:236,0
DA:239,0
DA:240,0
DA:241,0
DA:242,0
DA:245,0
DA:246,0
DA:248,0
DA:249,0
DA:250,0
DA:252,0
DA:253,0
DA:254,0
DA:256,0
DA:257,0
DA:259,0
DA:260,0
DA:261,0
DA:263,0
DA:264,0
DA:265,0
DA:267,0
DA:270,0
DA:273,0
DA:276,0
DA:277,0
DA:278,0
DA:279,0
DA:282,0
DA:284,0
DA:285,0
DA:286,0
DA:288,0
DA:289,0
DA:291,0
DA:292,0
DA:294,0
DA:295,0
DA:298,0
DA:299,0
DA:301,0
DA:302,0
DA:304,0
DA:305,0
DA:307,0
DA:308,0
DA:310,0
DA:313,0
DA:319,0
DA:322,0
DA:324,0
DA:325,0
DA:326,0
DA:327,0
DA:328,0
DA:329,0
DA:330,0
DA:331,0
DA:332,0
DA:333,0
DA:334,0
DA:335,0
DA:336,0
DA:337,0
DA:338,0
DA:340,0
DA:342,0
DA:343,0
DA:344,0
DA:346,0
DA:347,0
DA:350,0
DA:354,0
DA:357,0
DA:358,0
DA:359,0
DA:360,0
DA:363,0
DA:364,0
DA:365,0
DA:370,0
DA:371,0
DA:372,0
DA:373,0
DA:374,0
DA:375,0
DA:377,0
DA:378,0
DA:382,0
DA:383,0
DA:384,0
DA:385,0
DA:386,0
DA:388,0
DA:390,0
DA:391,0
DA:394,0
DA:397,0
LF:219
LH:0
BRDA:39,1,0,0
BRDA:39,1,1,0
BRDA:58,2,0,0
BRDA:58,2,1,0
BRDA:96,3,0,0
BRDA:96,3,1,0
BRDA:139,4,0,0
BRDA:139,4,1,0
BRDA:155,5,0,0
BRDA:155,5,1,0
BRDA:179,6,0,0
BRDA:179,6,1,0
BRDA:200,7,0,0
BRDA:200,7,1,0
BRDA:201,8,0,0
BRDA:201,8,1,0
BRDA:232,9,0,0
BRDA:232,9,1,0
BRDA:245,10,0,0
BRDA:245,10,1,0
BRDA:249,11,0,0
BRDA:249,11,1,0
BRDA:252,12,0,0
BRDA:252,12,1,0
BRDA:253,13,0,0
BRDA:253,13,1,0
BRDA:254,14,0,0
BRDA:254,14,1,0
BRDA:276,15,0,0
BRDA:276,15,1,0
BRDA:277,16,0,0
BRDA:277,16,1,0
BRDA:278,17,0,0
BRDA:278,17,1,0
BRDA:282,18,0,0
BRDA:282,18,1,0
BRDA:285,19,0,0
BRDA:285,19,1,0
BRDA:288,20,0,0
BRDA:288,20,1,0
BRDA:291,21,0,0
BRDA:291,21,1,0
BRDA:292,22,0,0
BRDA:292,22,1,0
BRDA:294,23,0,0
BRDA:294,23,1,0
BRDA:295,24,0,0
BRDA:295,24,1,0
BRDA:298,25,0,0
BRDA:298,25,1,0
BRDA:299,26,0,0
BRDA:299,26,1,0
BRDA:301,27,0,0
BRDA:301,27,1,0
BRDA:302,28,0,0
BRDA:302,28,1,0
BRDA:304,29,0,0
BRDA:304,29,1,0
BRDA:305,30,0,0
BRDA:305,30,1,0
BRDA:307,31,0,0
BRDA:307,31,1,0
BRDA:308,32,0,0
BRDA:308,32,1,0
BRDA:319,33,0,0
BRDA:319,33,1,0
BRDA:324,34,0,0
BRDA:324,34,1,0
BRDA:327,35,0,0
BRDA:327,35,1,0
BRDA:329,36,0,0
BRDA:329,36,1,0
BRDA:331,37,0,0
BRDA:331,37,1,0
BRDA:333,38,0,0
BRDA:333,38,1,0
BRDA:335,39,0,0
BRDA:335,39,1,0
BRDA:337,40,0,0
BRDA:337,40,1,0
BRDA:374,41,0,0
BRDA:374,41,1,0
BRDA:386,42,0,0
BRDA:386,42,1,0
BRF:84
BRH:0
end_of_record
TN:
SF:/opt/comentarismo-reco/server/errors.coffee
FN:3,NamespaceDoestNotExist
FN:4,constructor
FNF:2
FNH:0
FNDA:0,NamespaceDoestNotExist
FNDA:0,constructor
DA:1,0
DA:3,0
DA:5,0
DA:6,0
DA:7,0
DA:9,0
DA:11,0
LF:7
LH:0
BRF:0
BRH:0
end_of_record
TN:
SF:/opt/comentarismo-reco/server/index.coffee
FN:6,(anonymous_1)
FN:7,(anonymous_2)
FNF:2
FNH:0
FNDA:0,(anonymous_1)
FNDA:0,(anonymous_2)
DA:2,0
DA:4,0
DA:5,0
DA:6,0
DA:7,0
LF:5
LH:0
BRF:0
BRH:0
end_of_record
TN:
SF:/opt/comentarismo-reco/server/reco-rethinkdb.coffee
FN:9,get_hash
FN:16,RethinkDBESM
FN:22,constructor
FN:29,try_create_db
FN:30,(anonymous_1)
FN:30,(anonymous_2)
FN:32,try_delete_db
FN:33,(anonymous_3)
FN:33,(anonymous_4)
FN:35,try_create_table
FN:37,(anonymous_5)
FN:39,(anonymous_6)
FN:41,try_delete_table
FN:44,(anonymous_7)
FN:46,(anonymous_8)
FN:48,try_delete_namespace
FN:53,(anonymous_9)
FN:55,(anonymous_10)
FN:57,destroy
FN:58,(anonymous_11)
FN:65,exists
FN:66,(anonymous_12)
FN:70,list_namespaces
FN:72,(anonymous_13)
FN:73,(anonymous_14)
FN:76,initialize
FN:78,(anonymous_15)
FN:84,(anonymous_16)
FN:116,(anonymous_17)
FN:118,(anonymous_18)
FN:120,(anonymous_19)
FN:133,convert_date
FN:148,add_events
FN:169,add_events_batch
FN:170,(anonymous_20)
FN:175,(anonymous_21)
FN:180,add_event
FN:185,add_event_to_db
FN:192,(anonymous_22)
FN:197,find_events
FN:231,(anonymous_23)
FN:278,delete_events
FN:286,count_events
FN:289,estimate_event_count
FN:292,_event_selection
FN:337,thing_neighbourhood
FN:338,(anonymous_24)
FN:352,(anonymous_25)
FN:359,(anonymous_26)
FN:360,(anonymous_27)
FN:369,(anonymous_28)
FN:372,(anonymous_29)
FN:373,(anonymous_30)
FN:374,(anonymous_31)
FN:378,(anonymous_32)
FN:394,cosine_distance
FN:412,get_cosine_distances
FN:413,(anonymous_33)
FN:426,(anonymous_34)
FN:430,(anonymous_35)
FN:432,(anonymous_36)
FN:438,(anonymous_37)
FN:440,(anonymous_38)
FN:452,(anonymous_39)
FN:469,_similarities
FN:470,(anonymous_40)
FN:479,calculate_similarities_from_thing
FN:491,person_neighbourhood
FN:492,(anonymous_41)
FN:505,(anonymous_42)
FN:512,(anonymous_43)
FN:513,(anonymous_44)
FN:518,(anonymous_45)
FN:524,(anonymous_46)
FN:531,(anonymous_47)
FN:532,(anonymous_48)
FN:548,calculate_similarities_from_person
FN:553,filter_things_by_previous_actions
FN:554,(anonymous_49)
FN:563,recent_recommendations_by_people
FN:564,(anonymous_50)
FN:580,(anonymous_51)
FN:585,(anonymous_52)
FN:591,(anonymous_53)
FN:595,(anonymous_54)
FN:596,(anonymous_55)
FN:616,pre_compact
FN:617,(anonymous_56)
FN:619,post_compact
FN:620,(anonymous_57)
FN:622,remove_non_unique_events_for_people
FN:623,(anonymous_58)
FN:625,remove_non_unique_events_for_person
FN:626,(anonymous_59)
FN:628,get_active_things
FN:643,get_active_people
FN:658,compact_people
FN:660,(anonymous_60)
FN:664,compact_things
FN:666,(anonymous_61)
FN:670,truncate_things_per_action
FN:673,(anonymous_62)
FN:683,truncate_people_per_action
FN:685,(anonymous_63)
FN:693,remove_events_till_size
FNF:105
FNH:0
FNDA:0,get_hash
FNDA:0,RethinkDBESM
FNDA:0,constructor
FNDA:0,try_create_db
FNDA:0,(anonymous_1)
FNDA:0,(anonymous_2)
FNDA:0,try_delete_db
FNDA:0,(anonymous_3)
FNDA:0,(anonymous_4)
FNDA:0,try_create_table
FNDA:0,(anonymous_5)
FNDA:0,(anonymous_6)
FNDA:0,try_delete_table
FNDA:0,(anonymous_7)
FNDA:0,(anonymous_8)
FNDA:0,try_delete_namespace
FNDA:0,(anonymous_9)
FNDA:0,(anonymous_10)
FNDA:0,destroy
FNDA:0,(anonymous_11)
FNDA:0,exists
FNDA:0,(anonymous_12)
FNDA:0,list_namespaces
FNDA:0,(anonymous_13)
FNDA:0,(anonymous_14)
FNDA:0,initialize
FNDA:0,(anonymous_15)
FNDA:0,(anonymous_16)
FNDA:0,(anonymous_17)
FNDA:0,(anonymous_18)
FNDA:0,(anonymous_19)
FNDA:0,convert_date
FNDA:0,add_events
FNDA:0,add_events_batch
FNDA:0,(anonymous_20)
FNDA:0,(anonymous_21)
FNDA:0,add_event
FNDA:0,add_event_to_db
FNDA:0,(anonymous_22)
FNDA:0,find_events
FNDA:0,(anonymous_23)
FNDA:0,delete_events
FNDA:0,count_events
FNDA:0,estimate_event_count
FNDA:0,_event_selection
FNDA:0,thing_neighbourhood
FNDA:0,(anonymous_24)
FNDA:0,(anonymous_25)
FNDA:0,(anonymous_26)
FNDA:0,(anonymous_27)
FNDA:0,(anonymous_28)
FNDA:0,(anonymous_29)
FNDA:0,(anonymous_30)
FNDA:0,(anonymous_31)
FNDA:0,(anonymous_32)
FNDA:0,cosine_distance
FNDA:0,get_cosine_distances
FNDA:0,(anonymous_33)
FNDA:0,(anonymous_34)
FNDA:0,(anonymous_35)
FNDA:0,(anonymous_36)
FNDA:0,(anonymous_37)
FNDA:0,(anonymous_38)
FNDA:0,(anonymous_39)
FNDA:0,_similarities
FNDA:0,(anonymous_40)
FNDA:0,calculate_similarities_from_thing
FNDA:0,person_neighbourhood
FNDA:0,(anonymous_41)
FNDA:0,(anonymous_42)
FNDA:0,(anonymous_43)
FNDA:0,(anonymous_44)
FNDA:0,(anonymous_45)
FNDA:0,(anonymous_46)
FNDA:0,(anonymous_47)
FNDA:0,(anonymous_48)
FNDA:0,calculate_similarities_from_person
FNDA:0,filter_things_by_previous_actions
FNDA:0,(anonymous_49)
FNDA:0,recent_recommendations_by_people
FNDA:0,(anonymous_50)
FNDA:0,(anonymous_51)
FNDA:0,(anonymous_52)
FNDA:0,(anonymous_53)
FNDA:0,(anonymous_54)
FNDA:0,(anonymous_55)
FNDA:0,pre_compact
FNDA:0,(anonymous_56)
FNDA:0,post_compact
FNDA:0,(anonymous_57)
FNDA:0,remove_non_unique_events_for_people
FNDA:0,(anonymous_58)
FNDA:0,remove_non_unique_events_for_person
FNDA:0,(anonymous_59)
FNDA:0,get_active_things
FNDA:0,get_active_people
FNDA:0,compact_people
FNDA:0,(anonymous_60)
FNDA:0,compact_things
FNDA:0,(anonymous_61)
FNDA:0,truncate_things_per_action
FNDA:0,(anonymous_62)
FNDA:0,truncate_people_per_action
FNDA:0,(anonymous_63)
FNDA:0,remove_events_till_size
DA:1,0
DA:2,0
DA:3,0
DA:4,0
DA:5,0
DA:6,0
DA:7,0
DA:9,0
DA:10,0
DA:11,0
DA:12,0
DA:14,0
DA:16,0
DA:23,0
DA:24,0
DA:25,0
DA:26,0
DA:27,0
DA:30,0
DA:33,0
DA:36,0
DA:37,0
DA:39,0
DA:42,0
DA:44,0
DA:46,0
DA:49,0
DA:50,0
DA:53,0
DA:55,0
DA:58,0
DA:59,0
DA:60,0
DA:66,0
DA:67,0
DA:71,0
DA:73,0
DA:78,0
DA:79,0
DA:80,0
DA:85,0
DA:86,0
DA:87,0
DA:88,0
DA:89,0
DA:91,0
DA:92,0
DA:94,0
DA:95,0
DA:96,0
DA:98,0
DA:100,0
DA:101,0
DA:102,0
DA:103,0
DA:104,0
DA:106,0
DA:107,0
DA:108,0
DA:109,0
DA:110,0
DA:112,0
DA:113,0
DA:116,0
DA:119,0
DA:120,0
DA:134,0
DA:135,0
DA:136,0
DA:137,0
DA:138,0
DA:139,0
DA:140,0
DA:143,0
DA:144,0
DA:146,0
DA:149,0
DA:150,0
DA:151,0
DA:153,0
DA:154,0
DA:155,0
DA:156,0
DA:157,0
DA:158,0
DA:160,0
DA:161,0
DA:162,0
DA:164,0
DA:165,0
DA:167,0
DA:170,0
DA:172,0
DA:176,0
DA:177,0
DA:181,0
DA:182,0
DA:183,0
DA:186,0
DA:187,0
DA:189,0
DA:193,0
DA:194,0
DA:198,0
DA:203,0
DA:205,0
DA:207,0
DA:208,0
DA:210,0
DA:212,0
DA:213,0
DA:214,0
DA:217,0
DA:218,0
DA:219,0
DA:220,0
DA:222,0
DA:223,0
DA:225,0
DA:227,0
DA:229,0
DA:232,0
DA:233,0
DA:237,0
DA:238,0
DA:240,0
DA:241,0
DA:242,0
DA:243,0
DA:244,0
DA:245,0
DA:246,0
DA:247,0
DA:248,0
DA:250,0
DA:251,0
DA:252,0
DA:253,0
DA:254,0
DA:255,0
DA:256,0
DA:257,0
DA:258,0
DA:260,0
DA:261,0
DA:262,0
DA:263,0
DA:266,0
DA:268,0
DA:271,0
DA:273,0
DA:274,0
DA:276,0
DA:279,0
DA:280,0
DA:281,0
DA:282,0
DA:287,0
DA:290,0
DA:293,0
DA:294,0
DA:295,0
DA:296,0
DA:297,0
DA:298,0
DA:299,0
DA:300,0
DA:301,0
DA:302,0
DA:303,0
DA:304,0
DA:305,0
DA:306,0
DA:307,0
DA:308,0
DA:309,0
DA:310,0
DA:311,0
DA:312,0
DA:313,0
DA:314,0
DA:315,0
DA:317,0
DA:318,0
DA:319,0
DA:320,0
DA:321,0
DA:322,0
DA:323,0
DA:338,0
DA:340,0
DA:346,0
DA:347,0
DA:349,0
DA:352,0
DA:353,0
DA:357,0
DA:360,0
DA:361,0
DA:362,0
DA:370,0
DA:372,0
DA:373,0
DA:374,0
DA:379,0
DA:384,0
DA:385,0
DA:387,0
DA:395,0
DA:397,0
DA:398,0
DA:399,0
DA:400,0
DA:402,0
DA:403,0
DA:404,0
DA:406,0
DA:407,0
DA:408,0
DA:410,0
DA:413,0
DA:414,0
DA:415,0
DA:417,0
DA:418,0
DA:419,0
DA:420,0
DA:421,0
DA:422,0
DA:423,0
DA:425,0
DA:427,0
DA:428,0
DA:430,0
DA:432,0
DA:433,0
DA:438,0
DA:441,0
DA:448,0
DA:449,0
DA:451,0
DA:453,0
DA:454,0
DA:455,0
DA:456,0
DA:457,0
DA:459,0
DA:460,0
DA:461,0
DA:462,0
DA:470,0
DA:471,0
DA:477,0
DA:480,0
DA:492,0
DA:494,0
DA:500,0
DA:501,0
DA:502,0
DA:504,0
DA:505,0
DA:506,0
DA:510,0
DA:512,0
DA:513,0
DA:514,0
DA:518,0
DA:522,0
DA:525,0
DA:531,0
DA:532,0
DA:533,0
DA:540,0
DA:543,0
DA:544,0
DA:546,0
DA:549,0
DA:554,0
DA:555,0
DA:556,0
DA:557,0
DA:559,0
DA:560,0
DA:561,0
DA:564,0
DA:566,0
DA:571,0
DA:573,0
DA:574,0
DA:575,0
DA:576,0
DA:577,0
DA:579,0
DA:581,0
DA:585,0
DA:592,0
DA:595,0
DA:596,0
DA:601,0
DA:602,0
DA:604,0
DA:617,0
DA:620,0
DA:623,0
DA:626,0
DA:630,0
DA:638,0
DA:639,0
DA:641,0
DA:645,0
DA:653,0
DA:654,0
DA:656,0
DA:659,0
DA:661,0
DA:665,0
DA:667,0
DA:673,0
DA:675,0
DA:676,0
DA:677,0
DA:678,0
DA:680,0
DA:685,0
DA:686,0
DA:687,0
DA:688,0
DA:689,0
DA:691,0
DA:696,0
DA:703,0
LF:331
LH:0
BRDA:36,1,0,0
BRDA:36,1,1,0
BRDA:42,2,0,0
BRDA:42,2,1,0
BRDA:49,3,0,0
BRDA:49,3,1,0
BRDA:86,4,0,0
BRDA:86,4,1,0
BRDA:134,5,0,0
BRDA:134,5,1,0
BRDA:136,6,0,0
BRDA:136,6,1,0
BRDA:139,7,0,0
BRDA:139,7,1,0
BRDA:151,8,0,0
BRDA:151,8,1,0
BRDA:160,9,0,0
BRDA:160,9,1,0
BRDA:164,10,0,0
BRDA:164,10,1,0
BRDA:170,11,0,0
BRDA:170,11,1,0
BRDA:176,12,0,0
BRDA:176,12,1,0
BRDA:193,13,0,0
BRDA:193,13,1,0
BRDA:205,14,0,0
BRDA:205,14,1,0
BRDA:217,15,0,0
BRDA:217,15,1,0
BRDA:222,16,0,0
BRDA:222,16,1,0
BRDA:227,17,0,0
BRDA:227,17,1,0
BRDA:232,18,0,0
BRDA:232,18,1,0
BRDA:240,19,0,0
BRDA:240,19,1,0
BRDA:243,20,0,0
BRDA:243,20,1,0
BRDA:246,21,0,0
BRDA:246,21,1,0
BRDA:250,22,0,0
BRDA:250,22,1,0
BRDA:253,23,0,0
BRDA:253,23,1,0
BRDA:256,24,0,0
BRDA:256,24,1,0
BRDA:261,25,0,0
BRDA:261,25,1,0
BRDA:273,26,0,0
BRDA:273,26,1,0
BRDA:296,27,0,0
BRDA:296,27,1,0
BRDA:298,28,0,0
BRDA:298,28,1,0
BRDA:301,29,0,0
BRDA:301,29,1,0
BRDA:304,30,0,0
BRDA:304,30,1,0
BRDA:307,31,0,0
BRDA:307,31,1,0
BRDA:310,32,0,0
BRDA:310,32,1,0
BRDA:313,33,0,0
BRDA:313,33,1,0
BRDA:318,34,0,0
BRDA:318,34,1,0
BRDA:320,35,0,0
BRDA:320,35,1,0
BRDA:338,36,0,0
BRDA:338,36,1,0
BRDA:384,37,0,0
BRDA:384,37,1,0
BRDA:395,38,0,0
BRDA:395,38,1,0
BRDA:399,39,0,0
BRDA:399,39,1,0
BRDA:413,40,0,0
BRDA:413,40,1,0
BRDA:448,41,0,0
BRDA:448,41,1,0
BRDA:470,42,0,0
BRDA:470,42,1,0
BRDA:492,43,0,0
BRDA:492,43,1,0
BRDA:543,44,0,0
BRDA:543,44,1,0
BRDA:554,45,0,0
BRDA:554,45,1,0
BRDA:559,46,0,0
BRDA:559,46,1,0
BRDA:564,47,0,0
BRDA:564,47,1,0
BRDA:601,48,0,0
BRDA:601,48,1,0
BRDA:638,49,0,0
BRDA:638,49,1,0
BRDA:653,50,0,0
BRDA:653,50,1,0
BRDA:673,51,0,0
BRDA:673,51,1,0
BRDA:685,52,0,0
BRDA:685,52,1,0
BRF:104
BRH:0
end_of_record
TN:
SF:/opt/comentarismo-reco/server/reco.coffee
FN:7,RECO
FN:9,constructor
FN:13,calculate_similarities_from_thing
FN:16,calculate_similarities_from_person
FN:18,(anonymous_1)
FN:23,filter_recommendations
FN:26,(anonymous_2)
FN:35,filter_similarities
FN:42,neighbourhood_confidence
FN:49,history_confidence
FN:55,recommendations_confidence
FN:68,person_neighbourhood
FN:71,thing_neighbourhood
FN:74,recent_recommendations_by_people
FN:77,calculate_people_recommendations
FN:102,(anonymous_3)
FN:106,calculate_thing_recommendations
FN:118,(anonymous_4)
FN:121,generate_recommendations_for_person
FN:125,(anonymous_5)
FN:132,(anonymous_6)
FN:139,(anonymous_7)
FN:153,generate_recommendations_for_thing
FN:157,(anonymous_8)
FN:164,(anonymous_9)
FN:183,default_configuration
FN:197,normalize_actions
FN:210,recommendations_for_thing
FN:215,(anonymous_10)
FN:222,recommendations_for_person
FN:228,(anonymous_11)
FN:237,count_events
FN:240,estimate_event_count
FN:243,events
FN:245,(anonymous_12)
FN:247,event
FN:249,(anonymous_13)
FN:251,find_events
FN:254,delete_events
FN:257,namespace_exists
FN:260,list_namespaces
FN:263,initialize_namespace
FN:266,destroy_namespace
FN:270,compact_database
FN:279,(anonymous_14)
FN:282,(anonymous_15)
FN:285,(anonymous_16)
FN:289,compact_database_to_size
FNF:48
FNH:0
FNDA:0,RECO
FNDA:0,constructor
FNDA:0,calculate_similarities_from_thing
FNDA:0,calculate_similarities_from_person
FNDA:0,(anonymous_1)
FNDA:0,filter_recommendations
FNDA:0,(anonymous_2)
FNDA:0,filter_similarities
FNDA:0,neighbourhood_confidence
FNDA:0,history_confidence
FNDA:0,recommendations_confidence
FNDA:0,person_neighbourhood
FNDA:0,thing_neighbourhood
FNDA:0,recent_recommendations_by_people
FNDA:0,calculate_people_recommendations
FNDA:0,(anonymous_3)
FNDA:0,calculate_thing_recommendations
FNDA:0,(anonymous_4)
FNDA:0,generate_recommendations_for_person
FNDA:0,(anonymous_5)
FNDA:0,(anonymous_6)
FNDA:0,(anonymous_7)
FNDA:0,generate_recommendations_for_thing
FNDA:0,(anonymous_8)
FNDA:0,(anonymous_9)
FNDA:0,default_configuration
FNDA:0,normalize_actions
FNDA:0,recommendations_for_thing
FNDA:0,(anonymous_10)
FNDA:0,recommendations_for_person
FNDA:0,(anonymous_11)
FNDA:0,count_events
FNDA:0,estimate_event_count
FNDA:0,events
FNDA:0,(anonymous_12)
FNDA:0,event
FNDA:0,(anonymous_13)
FNDA:0,find_events
FNDA:0,delete_events
FNDA:0,namespace_exists
FNDA:0,list_namespaces
FNDA:0,initialize_namespace
FNDA:0,destroy_namespace
FNDA:0,compact_database
FNDA:0,(anonymous_14)
FNDA:0,(anonymous_15)
FNDA:0,(anonymous_16)
FNDA:0,compact_database_to_size
DA:1,0
DA:2,0
DA:4,0
DA:7,0
DA:14,0
DA:17,0
DA:19,0
DA:20,0
DA:24,0
DA:25,0
DA:27,0
DA:28,0
DA:29,0
DA:30,0
DA:32,0
DA:36,0
DA:37,0
DA:38,0
DA:39,0
DA:40,0
DA:45,0
DA:47,0
DA:52,0
DA:53,0
DA:56,0
DA:59,0
DA:60,0
DA:61,0
DA:63,0
DA:64,0
DA:66,0
DA:69,0
DA:72,0
DA:75,0
DA:78,0
DA:81,0
DA:82,0
DA:83,0
DA:91,0
DA:92,0
DA:94,0
DA:96,0
DA:98,0
DA:99,0
DA:100,0
DA:102,0
DA:103,0
DA:107,0
DA:109,0
DA:110,0
DA:118,0
DA:119,0
DA:124,0
DA:126,0
DA:133,0
DA:140,0
DA:141,0
DA:142,0
DA:144,0
DA:145,0
DA:146,0
DA:148,0
DA:150,0
DA:156,0
DA:158,0
DA:159,0
DA:165,0
DA:166,0
DA:167,0
DA:169,0
DA:170,0
DA:171,0
DA:173,0
DA:177,0
DA:184,0
DA:198,0
DA:199,0
DA:200,0
DA:201,0
DA:204,0
DA:205,0
DA:206,0
DA:207,0
DA:208,0
DA:211,0
DA:212,0
DA:214,0
DA:216,0
DA:218,0
DA:223,0
DA:224,0
DA:227,0
DA:230,0
DA:232,0
DA:238,0
DA:241,0
DA:244,0
DA:245,0
DA:248,0
DA:249,0
DA:252,0
DA:255,0
DA:258,0
DA:261,0
DA:264,0
DA:267,0
DA:272,0
DA:278,0
DA:280,0
DA:283,0
DA:286,0
DA:292,0
DA:295,0
DA:297,0
DA:299,0
DA:301,0
DA:303,0
DA:305,0
LF:118
LH:0
BRDA:29,1,0,0
BRDA:29,1,1,0
BRDA:38,2,0,0
BRDA:38,2,1,0
BRDA:56,3,0,0
BRDA:56,3,1,0
BRDA:82,4,0,0
BRDA:82,4,1,0
BRDA:200,5,0,0
BRDA:200,5,1,0
BRDA:206,6,0,0
BRDA:206,6,1,0
BRDA:216,7,0,0
BRDA:216,7,1,0
BRDA:230,8,0,0
BRDA:230,8,1,0
BRF:16
BRH:0
end_of_record
TN:
SF:/opt/comentarismo-reco/server/routes.coffee
FN:24,Utils
FN:34,Utils
FN:43,(anonymous_1)
FN:56,Utils
FN:61,(anonymous_2)
FN:69,Utils
FN:72,(anonymous_3)
FN:89,register
FN:93,(anonymous_4)
FN:116,handler
FN:118,(anonymous_5)
FN:119,(anonymous_6)
FN:129,handler
FN:140,handler
FN:143,(anonymous_7)
FN:146,(anonymous_8)
FN:149,(anonymous_9)
FN:164,handler
FN:169,(anonymous_10)
FN:184,handler
FN:187,(anonymous_11)
FN:205,handler
FN:208,(anonymous_12)
FN:224,handler
FN:227,(anonymous_13)
FN:229,(anonymous_14)
FN:244,(anonymous_15)
FN:254,(anonymous_16)
FN:273,handler
FN:283,(anonymous_17)
FN:293,(anonymous_18)
FN:301,(anonymous_19)
FNF:32
FNH:2
FNDA:0,Utils
FNDA:0,Utils
FNDA:0,(anonymous_1)
FNDA:0,Utils
FNDA:0,(anonymous_2)
FNDA:0,Utils
FNDA:0,(anonymous_3)
FNDA:1,register
FNDA:1,(anonymous_4)
FNDA:0,handler
FNDA:0,(anonymous_5)
FNDA:0,(anonymous_6)
FNDA:0,handler
FNDA:0,handler
FNDA:0,(anonymous_7)
FNDA:0,(anonymous_8)
FNDA:0,(anonymous_9)
FNDA:0,handler
FNDA:0,(anonymous_10)
FNDA:0,handler
FNDA:0,(anonymous_11)
FNDA:0,handler
FNDA:0,(anonymous_12)
FNDA:0,handler
FNDA:0,(anonymous_13)
FNDA:0,(anonymous_14)
FNDA:0,(anonymous_15)
FNDA:0,(anonymous_16)
FNDA:0,handler
FNDA:0,(anonymous_17)
FNDA:0,(anonymous_18)
FNDA:0,(anonymous_19)
DA:1,1
DA:2,1
DA:3,1
DA:5,1
DA:6,1
DA:7,1
DA:9,1
DA:14,1
DA:15,1
DA:19,1
DA:22,1
DA:24,1
DA:25,0
DA:26,0
DA:27,0
DA:28,0
DA:30,0
DA:31,0
DA:34,1
DA:35,0
DA:36,0
DA:37,0
DA:39,0
DA:40,0
DA:41,0
DA:43,0
DA:44,0
DA:45,0
DA:48,0
DA:49,0
DA:50,0
DA:52,0
DA:53,0
DA:56,1
DA:57,0
DA:58,0
DA:59,0
DA:61,0
DA:62,0
DA:63,0
DA:65,0
DA:66,0
DA:69,1
DA:70,0
DA:73,0
DA:74,0
DA:75,0
DA:77,0
DA:78,0
DA:79,0
DA:80,0
DA:85,1
DA:86,1
DA:88,1
DA:90,1
DA:91,1
DA:93,1
DA:94,1
DA:95,1
DA:98,1
DA:101,1
DA:102,1
DA:103,1
DA:106,1
DA:107,1
DA:108,1
DA:113,1
DA:118,0
DA:119,0
DA:120,0
DA:126,1
DA:130,0
DA:137,1
DA:143,0
DA:144,0
DA:146,0
DA:147,0
DA:149,0
DA:150,0
DA:151,0
DA:161,1
DA:167,0
DA:169,0
DA:170,0
DA:171,0
DA:172,0
DA:173,0
DA:175,0
DA:181,1
DA:185,0
DA:187,0
DA:188,0
DA:189,0
DA:190,0
DA:191,0
DA:193,0
DA:194,0
DA:195,0
DA:196,0
DA:202,1
DA:206,0
DA:208,0
DA:209,0
DA:210,0
DA:212,0
DA:213,0
DA:214,0
DA:215,0
DA:221,1
DA:225,0
DA:226,0
DA:227,0
DA:228,0
DA:229,0
DA:230,0
DA:231,0
DA:232,0
DA:234,0
DA:235,0
DA:245,0
DA:246,0
DA:247,0
DA:248,0
DA:249,0
DA:251,0
DA:255,0
DA:256,0
DA:260,0
DA:261,0
DA:262,0
DA:263,0
DA:264,0
DA:270,1
DA:275,0
DA:276,0
DA:284,0
DA:285,0
DA:286,0
DA:287,0
DA:289,0
DA:290,0
DA:291,0
DA:293,0
DA:294,0
DA:295,0
DA:296,0
DA:298,0
DA:299,0
DA:302,0
DA:303,0
DA:311,1
DA:314,1
DA:318,1
LF:153
LH:41
BRDA:26,1,0,0
BRDA:26,1,1,0
BRDA:35,2,0,0
BRDA:35,2,1,0
BRDA:40,3,0,0
BRDA:40,3,1,0
BRDA:44,4,0,0
BRDA:44,4,1,0
BRDA:58,5,0,0
BRDA:58,5,1,0
BRDA:62,6,0,0
BRDA:62,6,1,0
BRDA:73,7,0,0
BRDA:73,7,1,0
BRDA:170,8,0,0
BRDA:170,8,1,0
BRDA:188,9,0,0
BRDA:188,9,1,0
BRDA:209,10,0,0
BRDA:209,10,1,0
BRDA:228,11,0,0
BRDA:228,11,1,0
BRDA:230,12,0,0
BRDA:230,12,1,0
BRDA:284,13,0,0
BRDA:284,13,1,0
BRDA:294,14,0,0
BRDA:294,14,1,0
BRF:28
BRH:0
end_of_record
TN:
SF:/opt/comentarismo-reco/server/server.coffee
FN:32,ServerRecommendationEngine
FN:33,constructor
FN:63,initialize
FN:64,(anonymous_1)
FN:65,(anonymous_2)
FN:66,(anonymous_3)
FN:68,init_server
FN:85,setup_server
FN:88,add_server_routes
FN:94,server_method
FN:96,(anonymous_4)
FN:105,start
FN:109,stop
FN:113,load_jade_plugin
FN:116,(anonymous_5)
FN:129,load_static_plugin
FN:132,(anonymous_6)
FN:149,load_server_plugin
FN:151,(anonymous_7)
FN:159,start_server
FN:161,(anonymous_8)
FN:166,stop_server
FN:168,(anonymous_9)
FNF:23
FNH:18
FNDA:1,ServerRecommendationEngine
FNDA:1,constructor
FNDA:1,initialize
FNDA:1,(anonymous_1)
FNDA:1,(anonymous_2)
FNDA:1,(anonymous_3)
FNDA:1,init_server
FNDA:1,setup_server
FNDA:1,add_server_routes
FNDA:0,server_method
FNDA:0,(anonymous_4)
FNDA:1,start
FNDA:0,stop
FNDA:1,load_jade_plugin
FNDA:1,(anonymous_5)
FNDA:1,load_static_plugin
FNDA:1,(anonymous_6)
FNDA:3,load_server_plugin
FNDA:3,(anonymous_7)
FNDA:1,start_server
FNDA:1,(anonymous_8)
FNDA:0,stop_server
FNDA:0,(anonymous_9)
DA:2,1
DA:3,1
DA:4,1
DA:7,1
DA:10,1
DA:12,1
DA:14,1
DA:15,1
DA:16,1
DA:21,1
DA:22,1
DA:23,1
DA:25,1
DA:26,1
DA:27,1
DA:28,1
DA:29,1
DA:30,1
DA:32,1
DA:34,1
DA:51,1
DA:53,0
DA:54,0
DA:56,1
DA:57,1
DA:58,1
DA:61,0
DA:64,1
DA:65,1
DA:66,1
DA:70,1
DA:82,1
DA:83,1
DA:86,1
DA:89,1
DA:90,1
DA:91,1
DA:92,1
DA:95,0
DA:96,0
DA:97,0
DA:98,0
DA:100,0
DA:102,0
DA:106,1
DA:107,1
DA:110,0
DA:114,1
DA:115,1
DA:116,1
DA:117,1
DA:118,0
DA:120,1
DA:124,1
DA:126,1
DA:130,1
DA:131,1
DA:132,1
DA:133,1
DA:134,0
DA:136,1
DA:145,1
DA:147,1
DA:150,3
DA:151,3
DA:152,3
DA:153,0
DA:155,3
DA:157,3
DA:160,1
DA:161,1
DA:162,1
DA:164,1
DA:167,0
DA:168,0
DA:169,0
DA:171,0
DA:174,1
LF:78
LH:61
BRDA:51,1,0,0
BRDA:51,1,1,1
BRDA:51,1,2,0
BRDA:97,2,0,0
BRDA:97,2,1,0
BRDA:117,3,0,0
BRDA:117,3,1,1
BRDA:133,4,0,0
BRDA:133,4,1,1
BRDA:152,5,0,0
BRDA:152,5,1,3
BRF:11
BRH:4
end_of_record
